🎮 Match-3 Game Session Log
📅 Session ID: 2025-09-13T10-33-23-674Z
🕐 Started: 2025/9/13 下午6:33:23
=====================================


🐛 DEBUG - 下午6:33:23
=====================================
💬 Message: LogManager initialized
📊 Data: {
  "sessionId": "2025-09-13T10-33-23-674Z",
  "timestamp": "2025-09-13T10:33:23.675Z"
}
=====================================


🐛 DEBUG - 下午6:33:23
=====================================
💬 Message: Game scene initialized
📊 Data: {
  "timestamp": "2025-09-13T10:33:23.740Z",
  "boardSize": 8
}
=====================================


📋 Before Swap - 下午6:33:25
   0 1 2 3 4 5 6 7
0: 🔵 🔵 🔴 🔴 🔵 🟡 🟣 🟡
1: 🟡 🟣 🟡 🔴 🔵 🔴 🔵 🔵
2: 🟣 🟢 🔴 🟡 🟣 🔴 🔵 🔵
3: 🟣 🔴 🟡 🟣 🟢 🟡 🟡 🟣
4: 🔴 🟣 🔴 🟢 🟡 🔴 🟢 🟢
5: 🔵 🟡 🟣 🟢 🟣 🟣 🔴 🔴
6: 🔵 🔴 🟣 🔵 🔵 🟣 🔴 🟢
7: 🟡 🔵 🟢 🔵 🟢 🟢 🟡 🔴



⬇️  FALLING TILES - 下午6:33:26
=====================================
📊 Total Movements: 4

🎯 Movement Details:
  🟡 (3,2) → (7,2)
  🔴 (4,2) → (6,2)
  🟣 (6,2) → (4,2)
  🟢 (7,2) → (3,2)

📋 Before Gravity:
   0 1 2 3 4 5 6 7
0: 🔵 🔵 ⚫ 🔴 🔵 🟡 🟣 🟡
1: 🟡 🟣 ⚫ 🟡 🔵 🔴 🔵 🔵
2: 🟣 🟢 ⚫ 🟡 🟣 🔴 🔵 🔵
3: 🟣 🔴 🟡 🟣 🟢 🟡 🟡 🟣
4: 🔴 🟣 🔴 🟢 🟡 🔴 🟢 🟢
5: 🔵 🟡 🟣 🟢 🟣 🟣 🔴 🔴
6: 🔵 🔴 🟣 🔵 🔵 🟣 🔴 🟢
7: 🟡 🔵 🟢 🔵 🟢 🟢 🟡 🔴


📋 After Gravity:
   0 1 2 3 4 5 6 7
0: 🔵 🔵 ⚫ 🔴 🔵 🟡 🟣 🟡
1: 🟡 🟣 ⚫ 🟡 🔵 🔴 🔵 🔵
2: 🟣 🟢 ⚫ 🟡 🟣 🔴 🔵 🔵
3: 🟣 🔴 🟢 🟣 🟢 🟡 🟡 🟣
4: 🔴 🟣 🟣 🟢 🟡 🔴 🟢 🟢
5: 🔵 🟡 🟣 🟢 🟣 🟣 🔴 🔴
6: 🔵 🔴 🔴 🔵 🔵 🟣 🔴 🟢
7: 🟡 🔵 🟡 🔵 🟢 🟢 🟡 🔴

=====================================


🎲 BOARD REFILL - 下午6:33:26
=====================================
🆕 New Tiles Spawned: 3

📍 New Tile Positions:
  🟢 at (0,2)
  🟢 at (1,2)
  🔴 at (2,2)

📋 Before Refill:
   0 1 2 3 4 5 6 7
0: 🔵 🔵 ⚫ 🔴 🔵 🟡 🟣 🟡
1: 🟡 🟣 ⚫ 🟡 🔵 🔴 🔵 🔵
2: 🟣 🟢 ⚫ 🟡 🟣 🔴 🔵 🔵
3: 🟣 🔴 🟢 🟣 🟢 🟡 🟡 🟣
4: 🔴 🟣 🟣 🟢 🟡 🔴 🟢 🟢
5: 🔵 🟡 🟣 🟢 🟣 🟣 🔴 🔴
6: 🔵 🔴 🔴 🔵 🔵 🟣 🔴 🟢
7: 🟡 🔵 🟡 🔵 🟢 🟢 🟡 🔴


📋 After Refill:
   0 1 2 3 4 5 6 7
0: 🔵 🔵 🟢 🔴 🔵 🟡 🟣 🟡
1: 🟡 🟣 🟢 🟡 🔵 🔴 🔵 🔵
2: 🟣 🟢 🔴 🟡 🟣 🔴 🔵 🔵
3: 🟣 🔴 🟢 🟣 🟢 🟡 🟡 🟣
4: 🔴 🟣 🟣 🟢 🟡 🔴 🟢 🟢
5: 🔵 🟡 🟣 🟢 🟣 🟣 🔴 🔴
6: 🔵 🔴 🔴 🔵 🔵 🟣 🔴 🟢
7: 🟡 🔵 🟡 🔵 🟢 🟢 🟡 🔴

=====================================


📝 MOVE 1 - 下午6:33:27
=====================================
🔄 Swap: (1,2)[🟡] ↔ (1,3)[🔴]

📋 Board BEFORE Swap:
   0 1 2 3 4 5 6 7
0: 🔵 🔵 🔴 🔴 🔵 🟡 🟣 🟡
1: 🟡 🟣 🟡 🔴 🔵 🔴 🔵 🔵
2: 🟣 🟢 🔴 🟡 🟣 🔴 🔵 🔵
3: 🟣 🔴 🟡 🟣 🟢 🟡 🟡 🟣
4: 🔴 🟣 🔴 🟢 🟡 🔴 🟢 🟢
5: 🔵 🟡 🟣 🟢 🟣 🟣 🔴 🔴
6: 🔵 🔴 🟣 🔵 🔵 🟣 🔴 🟢
7: 🟡 🔵 🟢 🔵 🟢 🟢 🟡 🔴


🎯 Matches Found: 1 groups
  Group 1: (0,2), (1,2), (2,2)

🌊 Cascade Events: 1 levels
  Level 1: 3 tiles cleared, 4 tiles fell, 3 new tiles, +30 points

📋 Board AFTER All Cascades:
   0 1 2 3 4 5 6 7
0: 🔵 🔵 🟢 🔴 🔵 🟡 🟣 🟡
1: 🟡 🟣 🟢 🟡 🔵 🔴 🔵 🔵
2: 🟣 🟢 🔴 🟡 🟣 🔴 🔵 🔵
3: 🟣 🔴 🟢 🟣 🟢 🟡 🟡 🟣
4: 🔴 🟣 🟣 🟢 🟡 🔴 🟢 🟢
5: 🔵 🟡 🟣 🟢 🟣 🟣 🔴 🔴
6: 🔵 🔴 🔴 🔵 🔵 🟣 🔴 🟢
7: 🟡 🔵 🟡 🔵 🟢 🟢 🟡 🔴


💰 Score: +30 (Total: 30)
=====================================


📋 After All Cascades - 下午6:33:27
   0 1 2 3 4 5 6 7
0: 🔵 🔵 🟢 🔴 🔵 🟡 🟣 🟡
1: 🟡 🟣 🟢 🟡 🔵 🔴 🔵 🔵
2: 🟣 🟢 🔴 🟡 🟣 🔴 🔵 🔵
3: 🟣 🔴 🟢 🟣 🟢 🟡 🟡 🟣
4: 🔴 🟣 🟣 🟢 🟡 🔴 🟢 🟢
5: 🔵 🟡 🟣 🟢 🟣 🟣 🔴 🔴
6: 🔵 🔴 🔴 🔵 🔵 🟣 🔴 🟢
7: 🟡 🔵 🟡 🔵 🟢 🟢 🟡 🔴



📋 Before Swap - 下午6:33:28
   0 1 2 3 4 5 6 7
0: 🔵 🔵 🟢 🔴 🔵 🟡 🟣 🟡
1: 🟡 🟣 🟢 🟡 🔵 🔴 🔵 🔵
2: 🟣 🟢 🔴 🟡 🟣 🔴 🔵 🔵
3: 🟣 🔴 🟢 🟣 🟢 🟡 🟡 🟣
4: 🔴 🟣 🟣 🟢 🟡 🔴 🟢 🟢
5: 🔵 🟡 🟣 🟢 🟣 🟣 🔴 🔴
6: 🔵 🔴 🔴 🔵 🔵 🟣 🔴 🟢
7: 🟡 🔵 🟡 🔵 🟢 🟢 🟡 🔴



⬇️  FALLING TILES - 下午6:33:29
=====================================
📊 Total Movements: 10

🎯 Movement Details:
  🟢 (0,2) → (7,2)
  🟢 (1,2) → (6,2)
  🔴 (2,2) → (5,2)
  🔴 (6,2) → (4,2)
  🟡 (7,2) → (3,2)
  🔴 (0,3) → (7,3)
  🟡 (1,3) → (6,3)
  🟡 (2,3) → (5,3)
  🔵 (6,3) → (4,3)
  🔵 (7,3) → (3,3)

📋 Before Gravity:
   0 1 2 3 4 5 6 7
0: 🔵 🔵 🟢 🔴 🔵 🟡 🟣 🟡
1: 🟡 🟣 🟢 🟡 🔵 🔴 🔵 🔵
2: 🟣 🟢 🔴 🟡 🟣 🔴 🔵 🔵
3: 🟣 🔴 ⚫ ⚫ 🟢 🟡 🟡 🟣
4: 🔴 🟣 ⚫ ⚫ 🟡 🔴 🟢 🟢
5: 🔵 🟡 ⚫ ⚫ 🟣 🟣 🔴 🔴
6: 🔵 🔴 🔴 🔵 🔵 🟣 🔴 🟢
7: 🟡 🔵 🟡 🔵 🟢 🟢 🟡 🔴


📋 After Gravity:
   0 1 2 3 4 5 6 7
0: 🔵 🔵 ⚫ ⚫ 🔵 🟡 🟣 🟡
1: 🟡 🟣 ⚫ ⚫ 🔵 🔴 🔵 🔵
2: 🟣 🟢 ⚫ ⚫ 🟣 🔴 🔵 🔵
3: 🟣 🔴 🟡 🔵 🟢 🟡 🟡 🟣
4: 🔴 🟣 🔴 🔵 🟡 🔴 🟢 🟢
5: 🔵 🟡 🔴 🟡 🟣 🟣 🔴 🔴
6: 🔵 🔴 🟢 🟡 🔵 🟣 🔴 🟢
7: 🟡 🔵 🟢 🔴 🟢 🟢 🟡 🔴

=====================================


🎲 BOARD REFILL - 下午6:33:30
=====================================
🆕 New Tiles Spawned: 6

📍 New Tile Positions:
  🟣 at (0,2)
  🟢 at (0,3)
  🔴 at (1,2)
  🔴 at (1,3)
  🔴 at (2,2)
  🟡 at (2,3)

📋 Before Refill:
   0 1 2 3 4 5 6 7
0: 🔵 🔵 ⚫ ⚫ 🔵 🟡 🟣 🟡
1: 🟡 🟣 ⚫ ⚫ 🔵 🔴 🔵 🔵
2: 🟣 🟢 ⚫ ⚫ 🟣 🔴 🔵 🔵
3: 🟣 🔴 🟡 🔵 🟢 🟡 🟡 🟣
4: 🔴 🟣 🔴 🔵 🟡 🔴 🟢 🟢
5: 🔵 🟡 🔴 🟡 🟣 🟣 🔴 🔴
6: 🔵 🔴 🟢 🟡 🔵 🟣 🔴 🟢
7: 🟡 🔵 🟢 🔴 🟢 🟢 🟡 🔴


📋 After Refill:
   0 1 2 3 4 5 6 7
0: 🔵 🔵 🟣 🟢 🔵 🟡 🟣 🟡
1: 🟡 🟣 🔴 🔴 🔵 🔴 🔵 🔵
2: 🟣 🟢 🔴 🟡 🟣 🔴 🔵 🔵
3: 🟣 🔴 🟡 🔵 🟢 🟡 🟡 🟣
4: 🔴 🟣 🔴 🔵 🟡 🔴 🟢 🟢
5: 🔵 🟡 🔴 🟡 🟣 🟣 🔴 🔴
6: 🔵 🔴 🟢 🟡 🔵 🟣 🔴 🟢
7: 🟡 🔵 🟢 🔴 🟢 🟢 🟡 🔴

=====================================


📝 MOVE 2 - 下午6:33:30
=====================================
🔄 Swap: (3,2)[🟢] ↔ (3,3)[🟣]

📋 Board BEFORE Swap:
   0 1 2 3 4 5 6 7
0: 🔵 🔵 🟢 🔴 🔵 🟡 🟣 🟡
1: 🟡 🟣 🟢 🟡 🔵 🔴 🔵 🔵
2: 🟣 🟢 🔴 🟡 🟣 🔴 🔵 🔵
3: 🟣 🔴 🟢 🟣 🟢 🟡 🟡 🟣
4: 🔴 🟣 🟣 🟢 🟡 🔴 🟢 🟢
5: 🔵 🟡 🟣 🟢 🟣 🟣 🔴 🔴
6: 🔵 🔴 🔴 🔵 🔵 🟣 🔴 🟢
7: 🟡 🔵 🟡 🔵 🟢 🟢 🟡 🔴


🎯 Matches Found: 2 groups
  Group 1: (3,2), (4,2), (5,2)
  Group 2: (3,3), (4,3), (5,3)

🌊 Cascade Events: 1 levels
  Level 1: 6 tiles cleared, 10 tiles fell, 6 new tiles, +60 points

📋 Board AFTER All Cascades:
   0 1 2 3 4 5 6 7
0: 🔵 🔵 🟣 🟢 🔵 🟡 🟣 🟡
1: 🟡 🟣 🔴 🔴 🔵 🔴 🔵 🔵
2: 🟣 🟢 🔴 🟡 🟣 🔴 🔵 🔵
3: 🟣 🔴 🟡 🔵 🟢 🟡 🟡 🟣
4: 🔴 🟣 🔴 🔵 🟡 🔴 🟢 🟢
5: 🔵 🟡 🔴 🟡 🟣 🟣 🔴 🔴
6: 🔵 🔴 🟢 🟡 🔵 🟣 🔴 🟢
7: 🟡 🔵 🟢 🔴 🟢 🟢 🟡 🔴


💰 Score: +60 (Total: 90)
=====================================


📋 After All Cascades - 下午6:33:30
   0 1 2 3 4 5 6 7
0: 🔵 🔵 🟣 🟢 🔵 🟡 🟣 🟡
1: 🟡 🟣 🔴 🔴 🔵 🔴 🔵 🔵
2: 🟣 🟢 🔴 🟡 🟣 🔴 🔵 🔵
3: 🟣 🔴 🟡 🔵 🟢 🟡 🟡 🟣
4: 🔴 🟣 🔴 🔵 🟡 🔴 🟢 🟢
5: 🔵 🟡 🔴 🟡 🟣 🟣 🔴 🔴
6: 🔵 🔴 🟢 🟡 🔵 🟣 🔴 🟢
7: 🟡 🔵 🟢 🔴 🟢 🟢 🟡 🔴



📋 Before Swap - 下午6:33:34
   0 1 2 3 4 5 6 7
0: 🔵 🔵 🟣 🟢 🔵 🟡 🟣 🟡
1: 🟡 🟣 🔴 🔴 🔵 🔴 🔵 🔵
2: 🟣 🟢 🔴 🟡 🟣 🔴 🔵 🔵
3: 🟣 🔴 🟡 🔵 🟢 🟡 🟡 🟣
4: 🔴 🟣 🔴 🔵 🟡 🔴 🟢 🟢
5: 🔵 🟡 🔴 🟡 🟣 🟣 🔴 🔴
6: 🔵 🔴 🟢 🟡 🔵 🟣 🔴 🟢
7: 🟡 🔵 🟢 🔴 🟢 🟢 🟡 🔴



⬇️  FALLING TILES - 下午6:33:35
=====================================
📊 Total Movements: 5

🎯 Movement Details:
  🔵 (0,0) → (7,0)
  🟡 (1,0) → (6,0)
  🟣 (2,0) → (5,0)
  🟣 (3,0) → (4,0)
  🔴 (4,0) → (3,0)

📋 Before Gravity:
   0 1 2 3 4 5 6 7
0: 🔵 🔵 🟣 🟢 🔵 🟡 🟣 🟡
1: 🟡 🟣 🔴 🔴 🔵 🔴 🔵 🔵
2: 🟣 🟢 🔴 🟡 🟣 🔴 🔵 🔵
3: 🟣 🔴 🟡 🔵 🟢 🟡 🟡 🟣
4: 🔴 🟣 🔴 🔵 🟡 🔴 🟢 🟢
5: ⚫ 🟡 🔴 🟡 🟣 🟣 🔴 🔴
6: ⚫ 🔴 🟢 🟡 🔵 🟣 🔴 🟢
7: ⚫ 🟡 🟢 🔴 🟢 🟢 🟡 🔴


📋 After Gravity:
   0 1 2 3 4 5 6 7
0: ⚫ 🔵 🟣 🟢 🔵 🟡 🟣 🟡
1: ⚫ 🟣 🔴 🔴 🔵 🔴 🔵 🔵
2: ⚫ 🟢 🔴 🟡 🟣 🔴 🔵 🔵
3: 🔴 🔴 🟡 🔵 🟢 🟡 🟡 🟣
4: 🟣 🟣 🔴 🔵 🟡 🔴 🟢 🟢
5: 🟣 🟡 🔴 🟡 🟣 🟣 🔴 🔴
6: 🟡 🔴 🟢 🟡 🔵 🟣 🔴 🟢
7: 🔵 🟡 🟢 🔴 🟢 🟢 🟡 🔴

=====================================


🎲 BOARD REFILL - 下午6:33:35
=====================================
🆕 New Tiles Spawned: 3

📍 New Tile Positions:
  🟢 at (0,0)
  🔵 at (1,0)
  🟢 at (2,0)

📋 Before Refill:
   0 1 2 3 4 5 6 7
0: ⚫ 🔵 🟣 🟢 🔵 🟡 🟣 🟡
1: ⚫ 🟣 🔴 🔴 🔵 🔴 🔵 🔵
2: ⚫ 🟢 🔴 🟡 🟣 🔴 🔵 🔵
3: 🔴 🔴 🟡 🔵 🟢 🟡 🟡 🟣
4: 🟣 🟣 🔴 🔵 🟡 🔴 🟢 🟢
5: 🟣 🟡 🔴 🟡 🟣 🟣 🔴 🔴
6: 🟡 🔴 🟢 🟡 🔵 🟣 🔴 🟢
7: 🔵 🟡 🟢 🔴 🟢 🟢 🟡 🔴


📋 After Refill:
   0 1 2 3 4 5 6 7
0: 🟢 🔵 🟣 🟢 🔵 🟡 🟣 🟡
1: 🔵 🟣 🔴 🔴 🔵 🔴 🔵 🔵
2: 🟢 🟢 🔴 🟡 🟣 🔴 🔵 🔵
3: 🔴 🔴 🟡 🔵 🟢 🟡 🟡 🟣
4: 🟣 🟣 🔴 🔵 🟡 🔴 🟢 🟢
5: 🟣 🟡 🔴 🟡 🟣 🟣 🔴 🔴
6: 🟡 🔴 🟢 🟡 🔵 🟣 🔴 🟢
7: 🔵 🟡 🟢 🔴 🟢 🟢 🟡 🔴

=====================================


📝 MOVE 3 - 下午6:33:36
=====================================
🔄 Swap: (7,0)[🟡] ↔ (7,1)[🔵]

📋 Board BEFORE Swap:
   0 1 2 3 4 5 6 7
0: 🔵 🔵 🟣 🟢 🔵 🟡 🟣 🟡
1: 🟡 🟣 🔴 🔴 🔵 🔴 🔵 🔵
2: 🟣 🟢 🔴 🟡 🟣 🔴 🔵 🔵
3: 🟣 🔴 🟡 🔵 🟢 🟡 🟡 🟣
4: 🔴 🟣 🔴 🔵 🟡 🔴 🟢 🟢
5: 🔵 🟡 🔴 🟡 🟣 🟣 🔴 🔴
6: 🔵 🔴 🟢 🟡 🔵 🟣 🔴 🟢
7: 🟡 🔵 🟢 🔴 🟢 🟢 🟡 🔴


🎯 Matches Found: 1 groups
  Group 1: (5,0), (6,0), (7,0)

🌊 Cascade Events: 1 levels
  Level 1: 3 tiles cleared, 5 tiles fell, 3 new tiles, +30 points

📋 Board AFTER All Cascades:
   0 1 2 3 4 5 6 7
0: 🟢 🔵 🟣 🟢 🔵 🟡 🟣 🟡
1: 🔵 🟣 🔴 🔴 🔵 🔴 🔵 🔵
2: 🟢 🟢 🔴 🟡 🟣 🔴 🔵 🔵
3: 🔴 🔴 🟡 🔵 🟢 🟡 🟡 🟣
4: 🟣 🟣 🔴 🔵 🟡 🔴 🟢 🟢
5: 🟣 🟡 🔴 🟡 🟣 🟣 🔴 🔴
6: 🟡 🔴 🟢 🟡 🔵 🟣 🔴 🟢
7: 🔵 🟡 🟢 🔴 🟢 🟢 🟡 🔴


💰 Score: +30 (Total: 120)
=====================================


📋 After All Cascades - 下午6:33:36
   0 1 2 3 4 5 6 7
0: 🟢 🔵 🟣 🟢 🔵 🟡 🟣 🟡
1: 🔵 🟣 🔴 🔴 🔵 🔴 🔵 🔵
2: 🟢 🟢 🔴 🟡 🟣 🔴 🔵 🔵
3: 🔴 🔴 🟡 🔵 🟢 🟡 🟡 🟣
4: 🟣 🟣 🔴 🔵 🟡 🔴 🟢 🟢
5: 🟣 🟡 🔴 🟡 🟣 🟣 🔴 🔴
6: 🟡 🔴 🟢 🟡 🔵 🟣 🔴 🟢
7: 🔵 🟡 🟢 🔴 🟢 🟢 🟡 🔴



📋 Before Swap - 下午6:33:40
   0 1 2 3 4 5 6 7
0: 🟢 🔵 🟣 🟢 🔵 🟡 🟣 🟡
1: 🔵 🟣 🔴 🔴 🔵 🔴 🔵 🔵
2: 🟢 🟢 🔴 🟡 🟣 🔴 🔵 🔵
3: 🔴 🔴 🟡 🔵 🟢 🟡 🟡 🟣
4: 🟣 🟣 🔴 🔵 🟡 🔴 🟢 🟢
5: 🟣 🟡 🔴 🟡 🟣 🟣 🔴 🔴
6: 🟡 🔴 🟢 🟡 🔵 🟣 🔴 🟢
7: 🔵 🟡 🟢 🔴 🟢 🟢 🟡 🔴



⬇️  FALLING TILES - 下午6:33:40
=====================================
📊 Total Movements: 5

🎯 Movement Details:
  🟣 (0,6) → (7,6)
  🔵 (1,6) → (6,6)
  🔵 (2,6) → (5,6)
  🟡 (3,6) → (4,6)
  🟡 (7,6) → (3,6)

📋 Before Gravity:
   0 1 2 3 4 5 6 7
0: 🟢 🔵 🟣 🟢 🔵 🟡 🟣 🟡
1: 🔵 🟣 🔴 🔴 🔵 🔴 🔵 🔵
2: 🟢 🟢 🔴 🟡 🟣 🔴 🔵 🔵
3: 🔴 🔴 🟡 🔵 🟢 🟡 🟡 🟣
4: 🟣 🟣 🔴 🔵 🟡 🟢 ⚫ 🟢
5: 🟣 🟡 🔴 🟡 🟣 🟣 ⚫ 🔴
6: 🟡 🔴 🟢 🟡 🔵 🟣 ⚫ 🟢
7: 🔵 🟡 🟢 🔴 🟢 🟢 🟡 🔴


📋 After Gravity:
   0 1 2 3 4 5 6 7
0: 🟢 🔵 🟣 🟢 🔵 🟡 ⚫ 🟡
1: 🔵 🟣 🔴 🔴 🔵 🔴 ⚫ 🔵
2: 🟢 🟢 🔴 🟡 🟣 🔴 ⚫ 🔵
3: 🔴 🔴 🟡 🔵 🟢 🟡 🟡 🟣
4: 🟣 🟣 🔴 🔵 🟡 🟢 🟡 🟢
5: 🟣 🟡 🔴 🟡 🟣 🟣 🔵 🔴
6: 🟡 🔴 🟢 🟡 🔵 🟣 🔵 🟢
7: 🔵 🟡 🟢 🔴 🟢 🟢 🟣 🔴

=====================================


🎲 BOARD REFILL - 下午6:33:41
=====================================
🆕 New Tiles Spawned: 3

📍 New Tile Positions:
  🟢 at (0,6)
  🟢 at (1,6)
  🔴 at (2,6)

📋 Before Refill:
   0 1 2 3 4 5 6 7
0: 🟢 🔵 🟣 🟢 🔵 🟡 ⚫ 🟡
1: 🔵 🟣 🔴 🔴 🔵 🔴 ⚫ 🔵
2: 🟢 🟢 🔴 🟡 🟣 🔴 ⚫ 🔵
3: 🔴 🔴 🟡 🔵 🟢 🟡 🟡 🟣
4: 🟣 🟣 🔴 🔵 🟡 🟢 🟡 🟢
5: 🟣 🟡 🔴 🟡 🟣 🟣 🔵 🔴
6: 🟡 🔴 🟢 🟡 🔵 🟣 🔵 🟢
7: 🔵 🟡 🟢 🔴 🟢 🟢 🟣 🔴


📋 After Refill:
   0 1 2 3 4 5 6 7
0: 🟢 🔵 🟣 🟢 🔵 🟡 🟢 🟡
1: 🔵 🟣 🔴 🔴 🔵 🔴 🟢 🔵
2: 🟢 🟢 🔴 🟡 🟣 🔴 🔴 🔵
3: 🔴 🔴 🟡 🔵 🟢 🟡 🟡 🟣
4: 🟣 🟣 🔴 🔵 🟡 🟢 🟡 🟢
5: 🟣 🟡 🔴 🟡 🟣 🟣 🔵 🔴
6: 🟡 🔴 🟢 🟡 🔵 🟣 🔵 🟢
7: 🔵 🟡 🟢 🔴 🟢 🟢 🟣 🔴

=====================================


📝 MOVE 4 - 下午6:33:42
=====================================
🔄 Swap: (4,5)[🔴] ↔ (4,6)[🟢]

📋 Board BEFORE Swap:
   0 1 2 3 4 5 6 7
0: 🟢 🔵 🟣 🟢 🔵 🟡 🟣 🟡
1: 🔵 🟣 🔴 🔴 🔵 🔴 🔵 🔵
2: 🟢 🟢 🔴 🟡 🟣 🔴 🔵 🔵
3: 🔴 🔴 🟡 🔵 🟢 🟡 🟡 🟣
4: 🟣 🟣 🔴 🔵 🟡 🔴 🟢 🟢
5: 🟣 🟡 🔴 🟡 🟣 🟣 🔴 🔴
6: 🟡 🔴 🟢 🟡 🔵 🟣 🔴 🟢
7: 🔵 🟡 🟢 🔴 🟢 🟢 🟡 🔴


🎯 Matches Found: 1 groups
  Group 1: (4,6), (5,6), (6,6)

🌊 Cascade Events: 1 levels
  Level 1: 3 tiles cleared, 5 tiles fell, 3 new tiles, +30 points

📋 Board AFTER All Cascades:
   0 1 2 3 4 5 6 7
0: 🟢 🔵 🟣 🟢 🔵 🟡 🟢 🟡
1: 🔵 🟣 🔴 🔴 🔵 🔴 🟢 🔵
2: 🟢 🟢 🔴 🟡 🟣 🔴 🔴 🔵
3: 🔴 🔴 🟡 🔵 🟢 🟡 🟡 🟣
4: 🟣 🟣 🔴 🔵 🟡 🟢 🟡 🟢
5: 🟣 🟡 🔴 🟡 🟣 🟣 🔵 🔴
6: 🟡 🔴 🟢 🟡 🔵 🟣 🔵 🟢
7: 🔵 🟡 🟢 🔴 🟢 🟢 🟣 🔴


💰 Score: +30 (Total: 150)
=====================================


📋 After All Cascades - 下午6:33:42
   0 1 2 3 4 5 6 7
0: 🟢 🔵 🟣 🟢 🔵 🟡 🟢 🟡
1: 🔵 🟣 🔴 🔴 🔵 🔴 🟢 🔵
2: 🟢 🟢 🔴 🟡 🟣 🔴 🔴 🔵
3: 🔴 🔴 🟡 🔵 🟢 🟡 🟡 🟣
4: 🟣 🟣 🔴 🔵 🟡 🟢 🟡 🟢
5: 🟣 🟡 🔴 🟡 🟣 🟣 🔵 🔴
6: 🟡 🔴 🟢 🟡 🔵 🟣 🔵 🟢
7: 🔵 🟡 🟢 🔴 🟢 🟢 🟣 🔴


