🎮 Match-3 Game Session Log
📅 Session ID: 2025-09-13T10-23-09-766Z
🕐 Started: 2025/9/13 下午6:23:09
=====================================


🐛 DEBUG - 下午6:23:09
=====================================
💬 Message: LogManager initialized
📊 Data: {
  "sessionId": "2025-09-13T10-23-09-766Z",
  "timestamp": "2025-09-13T10:23:09.767Z"
}
=====================================


🐛 DEBUG - 下午6:23:09
=====================================
💬 Message: Game scene initialized
📊 Data: {
  "timestamp": "2025-09-13T10:23:09.827Z",
  "boardSize": 8
}
=====================================


📋 Before Swap - 下午6:23:10
   0 1 2 3 4 5 6 7
0: 🟣 🟢 🔴 🟣 🟣 🔴 🔴 🔵
1: 🔵 🔴 🔵 🟣 🟣 🟡 🟡 🟢
2: 🔴 🟣 🔴 🟢 🟢 🔵 🔵 🟣
3: 🟡 🟢 🟣 🟡 🔴 🟢 🟡 🟢
4: 🔵 🔵 🟡 🟡 🟢 🔴 🟢 🟣
5: 🟡 🟣 🔴 🔴 🟣 🟢 🔵 🔵
6: 🔵 🟡 🔵 🟣 🟣 🔴 🟢 🔴
7: 🔵 🟡 🟡 🔵 🟢 🔵 🔵 🟢



⬇️  FALLING TILES - 下午6:23:11
=====================================
📊 Total Movements: 0

🎯 Movement Details:


📋 Before Gravity:
   0 1 2 3 4 5 6 7
0: 🟣 🟢 ⚫ 🟣 🟣 🔴 🔴 🔵
1: 🔵 🔵 ⚫ 🟣 🟣 🟡 🟡 🟢
2: 🔴 🟣 ⚫ 🟢 🟢 🔵 🔵 🟣
3: 🟡 🟢 🟣 🟡 🔴 🟢 🟡 🟢
4: 🔵 🔵 🟡 🟡 🟢 🔴 🟢 🟣
5: 🟡 🟣 🔴 🔴 🟣 🟢 🔵 🔵
6: 🔵 🟡 🔵 🟣 🟣 🔴 🟢 🔴
7: 🔵 🟡 🟡 🔵 🟢 🔵 🔵 🟢


📋 After Gravity:
   0 1 2 3 4 5 6 7
0: 🟣 🟢 ⚫ 🟣 🟣 🔴 🔴 🔵
1: 🔵 🔵 ⚫ 🟣 🟣 🟡 🟡 🟢
2: 🔴 🟣 ⚫ 🟢 🟢 🔵 🔵 🟣
3: 🟡 🟢 🟣 🟡 🔴 🟢 🟡 🟢
4: 🔵 🔵 🟡 🟡 🟢 🔴 🟢 🟣
5: 🟡 🟣 🔴 🔴 🟣 🟢 🔵 🔵
6: 🔵 🟡 🔵 🟣 🟣 🔴 🟢 🔴
7: 🔵 🟡 🟡 🔵 🟢 🔵 🔵 🟢

=====================================


🎲 BOARD REFILL - 下午6:23:11
=====================================
🆕 New Tiles Spawned: 3

📍 New Tile Positions:
  🟣 at (0,2)
  🟢 at (1,2)
  🔴 at (2,2)

📋 Before Refill:
   0 1 2 3 4 5 6 7
0: 🟣 🟢 ⚫ 🟣 🟣 🔴 🔴 🔵
1: 🔵 🔵 ⚫ 🟣 🟣 🟡 🟡 🟢
2: 🔴 🟣 ⚫ 🟢 🟢 🔵 🔵 🟣
3: 🟡 🟢 🟣 🟡 🔴 🟢 🟡 🟢
4: 🔵 🔵 🟡 🟡 🟢 🔴 🟢 🟣
5: 🟡 🟣 🔴 🔴 🟣 🟢 🔵 🔵
6: 🔵 🟡 🔵 🟣 🟣 🔴 🟢 🔴
7: 🔵 🟡 🟡 🔵 🟢 🔵 🔵 🟢


📋 After Refill:
   0 1 2 3 4 5 6 7
0: 🟣 🟢 🟣 🟣 🟣 🔴 🔴 🔵
1: 🔵 🔵 🟢 🟣 🟣 🟡 🟡 🟢
2: 🔴 🟣 🔴 🟢 🟢 🔵 🔵 🟣
3: 🟡 🟢 🟣 🟡 🔴 🟢 🟡 🟢
4: 🔵 🔵 🟡 🟡 🟢 🔴 🟢 🟣
5: 🟡 🟣 🔴 🔴 🟣 🟢 🔵 🔵
6: 🔵 🟡 🔵 🟣 🟣 🔴 🟢 🔴
7: 🔵 🟡 🟡 🔵 🟢 🔵 🔵 🟢

=====================================


⬇️  FALLING TILES - 下午6:23:12
=====================================
📊 Total Movements: 0

🎯 Movement Details:


📋 Before Gravity:
   0 1 2 3 4 5 6 7
0: 🟣 🟢 ⚫ ⚫ ⚫ 🔴 🔴 🔵
1: 🔵 🔵 🟢 🟣 🟣 🟡 🟡 🟢
2: 🔴 🟣 🔴 🟢 🟢 🔵 🔵 🟣
3: 🟡 🟢 🟣 🟡 🔴 🟢 🟡 🟢
4: 🔵 🔵 🟡 🟡 🟢 🔴 🟢 🟣
5: 🟡 🟣 🔴 🔴 🟣 🟢 🔵 🔵
6: 🔵 🟡 🔵 🟣 🟣 🔴 🟢 🔴
7: 🔵 🟡 🟡 🔵 🟢 🔵 🔵 🟢


📋 After Gravity:
   0 1 2 3 4 5 6 7
0: 🟣 🟢 ⚫ ⚫ ⚫ 🔴 🔴 🔵
1: 🔵 🔵 🟢 🟣 🟣 🟡 🟡 🟢
2: 🔴 🟣 🔴 🟢 🟢 🔵 🔵 🟣
3: 🟡 🟢 🟣 🟡 🔴 🟢 🟡 🟢
4: 🔵 🔵 🟡 🟡 🟢 🔴 🟢 🟣
5: 🟡 🟣 🔴 🔴 🟣 🟢 🔵 🔵
6: 🔵 🟡 🔵 🟣 🟣 🔴 🟢 🔴
7: 🔵 🟡 🟡 🔵 🟢 🔵 🔵 🟢

=====================================


🎲 BOARD REFILL - 下午6:23:12
=====================================
🆕 New Tiles Spawned: 3

📍 New Tile Positions:
  🟡 at (0,2)
  🟡 at (0,3)
  🟢 at (0,4)

📋 Before Refill:
   0 1 2 3 4 5 6 7
0: 🟣 🟢 ⚫ ⚫ ⚫ 🔴 🔴 🔵
1: 🔵 🔵 🟢 🟣 🟣 🟡 🟡 🟢
2: 🔴 🟣 🔴 🟢 🟢 🔵 🔵 🟣
3: 🟡 🟢 🟣 🟡 🔴 🟢 🟡 🟢
4: 🔵 🔵 🟡 🟡 🟢 🔴 🟢 🟣
5: 🟡 🟣 🔴 🔴 🟣 🟢 🔵 🔵
6: 🔵 🟡 🔵 🟣 🟣 🔴 🟢 🔴
7: 🔵 🟡 🟡 🔵 🟢 🔵 🔵 🟢


📋 After Refill:
   0 1 2 3 4 5 6 7
0: 🟣 🟢 🟡 🟡 🟢 🔴 🔴 🔵
1: 🔵 🔵 🟢 🟣 🟣 🟡 🟡 🟢
2: 🔴 🟣 🔴 🟢 🟢 🔵 🔵 🟣
3: 🟡 🟢 🟣 🟡 🔴 🟢 🟡 🟢
4: 🔵 🔵 🟡 🟡 🟢 🔴 🟢 🟣
5: 🟡 🟣 🔴 🔴 🟣 🟢 🔵 🔵
6: 🔵 🟡 🔵 🟣 🟣 🔴 🟢 🔴
7: 🔵 🟡 🟡 🔵 🟢 🔵 🔵 🟢

=====================================


📝 MOVE 1 - 下午6:23:12
=====================================
🔄 Swap: (1,1)[🔴] ↔ (1,2)[🔵]

📋 Board BEFORE Swap:
   0 1 2 3 4 5 6 7
0: 🟣 🟢 🔴 🟣 🟣 🔴 🔴 🔵
1: 🔵 🔴 🔵 🟣 🟣 🟡 🟡 🟢
2: 🔴 🟣 🔴 🟢 🟢 🔵 🔵 🟣
3: 🟡 🟢 🟣 🟡 🔴 🟢 🟡 🟢
4: 🔵 🔵 🟡 🟡 🟢 🔴 🟢 🟣
5: 🟡 🟣 🔴 🔴 🟣 🟢 🔵 🔵
6: 🔵 🟡 🔵 🟣 🟣 🔴 🟢 🔴
7: 🔵 🟡 🟡 🔵 🟢 🔵 🔵 🟢


🎯 Matches Found: 1 groups
  Group 1: (0,2), (1,2), (2,2)

🌊 Cascade Events: 2 levels
  Level 1: 3 tiles cleared, 0 tiles fell, 3 new tiles, +30 points
  Level 2: 3 tiles cleared, 0 tiles fell, 3 new tiles, +45 points

📋 Board AFTER All Cascades:
   0 1 2 3 4 5 6 7
0: 🟣 🟢 🟡 🟡 🟢 🔴 🔴 🔵
1: 🔵 🔵 🟢 🟣 🟣 🟡 🟡 🟢
2: 🔴 🟣 🔴 🟢 🟢 🔵 🔵 🟣
3: 🟡 🟢 🟣 🟡 🔴 🟢 🟡 🟢
4: 🔵 🔵 🟡 🟡 🟢 🔴 🟢 🟣
5: 🟡 🟣 🔴 🔴 🟣 🟢 🔵 🔵
6: 🔵 🟡 🔵 🟣 🟣 🔴 🟢 🔴
7: 🔵 🟡 🟡 🔵 🟢 🔵 🔵 🟢


💰 Score: +75 (Total: 75)
=====================================


📋 After All Cascades - 下午6:23:12
   0 1 2 3 4 5 6 7
0: 🟣 🟢 🟡 🟡 🟢 🔴 🔴 🔵
1: 🔵 🔵 🟢 🟣 🟣 🟡 🟡 🟢
2: 🔴 🟣 🔴 🟢 🟢 🔵 🔵 🟣
3: 🟡 🟢 🟣 🟡 🔴 🟢 🟡 🟢
4: 🔵 🔵 🟡 🟡 🟢 🔴 🟢 🟣
5: 🟡 🟣 🔴 🔴 🟣 🟢 🔵 🔵
6: 🔵 🟡 🔵 🟣 🟣 🔴 🟢 🔴
7: 🔵 🟡 🟡 🔵 🟢 🔵 🔵 🟢


