🎮 Match-3 Game Session Log
📅 Session ID: 2025-09-13T13-13-46-314Z
🕐 Started: 2025/9/13 下午9:13:46
=====================================


🐛 DEBUG - 下午9:13:46
=====================================
💬 Message: LogManager initialized
📊 Data: {
  "sessionId": "2025-09-13T13-13-46-314Z",
  "timestamp": "2025-09-13T13:13:46.314Z"
}
=====================================


🐛 DEBUG - 下午9:13:46
=====================================
💬 Message: Game scene initialized
📊 Data: {
  "timestamp": "2025-09-13T13:13:46.369Z",
  "boardSize": 8
}
=====================================


📋 Before Swap - 下午9:13:50
   0 1 2 3 4 5 6 7
0: 🔴 🟢 🟢 🔵 🔴 🟡 🟡 🟣
1: 🟢 🔴 🟣 🟢 🔴 🟣 🔵 🟡
2: 🟡 🟣 🟡 🔵 🔵 🟢 🟡 🟡
3: 🟣 🟡 🔴 🟡 🟢 🟣 🟡 🟣
4: 🟡 🔴 🟢 🟢 🟣 🔵 🟢 🟣
5: 🟡 🟣 🔴 🟣 🟣 🔵 🟡 🟢
6: 🔴 🟣 🟢 🔵 🔵 🟣 🟢 🟡
7: 🔵 🟡 🟡 🟣 🔴 🟣 🔴 🔴



⬇️  FALLING TILES - 下午9:13:50
=====================================
📊 Total Movements: 0

🎯 Movement Details:


📋 Before Gravity:
   0 1 2 3 4 5 6 7
0: 🔴 🟢 🟢 🔵 🔴 🟡 🟣 ⚫
1: 🟢 🔴 🟣 🟢 🔴 🟣 🔵 ⚫
2: 🟡 🟣 🟡 🔵 🔵 🟢 🟡 ⚫
3: 🟣 🟡 🔴 🟡 🟢 🟣 🟡 🟣
4: 🟡 🔴 🟢 🟢 🟣 🔵 🟢 🟣
5: 🟡 🟣 🔴 🟣 🟣 🔵 🟡 🟢
6: 🔴 🟣 🟢 🔵 🔵 🟣 🟢 🟡
7: 🔵 🟡 🟡 🟣 🔴 🟣 🔴 🔴


📋 After Gravity:
   0 1 2 3 4 5 6 7
0: 🔴 🟢 🟢 🔵 🔴 🟡 🟣 ⚫
1: 🟢 🔴 🟣 🟢 🔴 🟣 🔵 ⚫
2: 🟡 🟣 🟡 🔵 🔵 🟢 🟡 ⚫
3: 🟣 🟡 🔴 🟡 🟢 🟣 🟡 🟣
4: 🟡 🔴 🟢 🟢 🟣 🔵 🟢 🟣
5: 🟡 🟣 🔴 🟣 🟣 🔵 🟡 🟢
6: 🔴 🟣 🟢 🔵 🔵 🟣 🟢 🟡
7: 🔵 🟡 🟡 🟣 🔴 🟣 🔴 🔴

=====================================


🎲 BOARD REFILL - 下午9:13:50
=====================================
🆕 New Tiles Spawned: 3

📍 New Tile Positions:
  🔴 at (0,7)
  🟣 at (1,7)
  🟣 at (2,7)

📋 Before Refill:
   0 1 2 3 4 5 6 7
0: 🔴 🟢 🟢 🔵 🔴 🟡 🟣 ⚫
1: 🟢 🔴 🟣 🟢 🔴 🟣 🔵 ⚫
2: 🟡 🟣 🟡 🔵 🔵 🟢 🟡 ⚫
3: 🟣 🟡 🔴 🟡 🟢 🟣 🟡 🟣
4: 🟡 🔴 🟢 🟢 🟣 🔵 🟢 🟣
5: 🟡 🟣 🔴 🟣 🟣 🔵 🟡 🟢
6: 🔴 🟣 🟢 🔵 🔵 🟣 🟢 🟡
7: 🔵 🟡 🟡 🟣 🔴 🟣 🔴 🔴


📋 After Refill:
   0 1 2 3 4 5 6 7
0: 🔴 🟢 🟢 🔵 🔴 🟡 🟣 🔴
1: 🟢 🔴 🟣 🟢 🔴 🟣 🔵 🟣
2: 🟡 🟣 🟡 🔵 🔵 🟢 🟡 🟣
3: 🟣 🟡 🔴 🟡 🟢 🟣 🟡 🟣
4: 🟡 🔴 🟢 🟢 🟣 🔵 🟢 🟣
5: 🟡 🟣 🔴 🟣 🟣 🔵 🟡 🟢
6: 🔴 🟣 🟢 🔵 🔵 🟣 🟢 🟡
7: 🔵 🟡 🟡 🟣 🔴 🟣 🔴 🔴

=====================================


⬇️  FALLING TILES - 下午9:13:51
=====================================
📊 Total Movements: 1

🎯 Movement Details:
  🔴 (0,7) → (4,7)

📋 Before Gravity:
   0 1 2 3 4 5 6 7
0: 🔴 🟢 🟢 🔵 🔴 🟡 🟣 🔴
1: 🟢 🔴 🟣 🟢 🔴 🟣 🔵 ⚫
2: 🟡 🟣 🟡 🔵 🔵 🟢 🟡 ⚫
3: 🟣 🟡 🔴 🟡 🟢 🟣 🟡 ⚫
4: 🟡 🔴 🟢 🟢 🟣 🔵 🟢 ⚫
5: 🟡 🟣 🔴 🟣 🟣 🔵 🟡 🟢
6: 🔴 🟣 🟢 🔵 🔵 🟣 🟢 🟡
7: 🔵 🟡 🟡 🟣 🔴 🟣 🔴 🔴


📋 After Gravity:
   0 1 2 3 4 5 6 7
0: 🔴 🟢 🟢 🔵 🔴 🟡 🟣 ⚫
1: 🟢 🔴 🟣 🟢 🔴 🟣 🔵 ⚫
2: 🟡 🟣 🟡 🔵 🔵 🟢 🟡 ⚫
3: 🟣 🟡 🔴 🟡 🟢 🟣 🟡 ⚫
4: 🟡 🔴 🟢 🟢 🟣 🔵 🟢 🔴
5: 🟡 🟣 🔴 🟣 🟣 🔵 🟡 🟢
6: 🔴 🟣 🟢 🔵 🔵 🟣 🟢 🟡
7: 🔵 🟡 🟡 🟣 🔴 🟣 🔴 🔴

=====================================


🎲 BOARD REFILL - 下午9:13:52
=====================================
🆕 New Tiles Spawned: 4

📍 New Tile Positions:
  🟣 at (0,7)
  🔴 at (1,7)
  🟡 at (2,7)
  🔵 at (3,7)

📋 Before Refill:
   0 1 2 3 4 5 6 7
0: 🔴 🟢 🟢 🔵 🔴 🟡 🟣 ⚫
1: 🟢 🔴 🟣 🟢 🔴 🟣 🔵 ⚫
2: 🟡 🟣 🟡 🔵 🔵 🟢 🟡 ⚫
3: 🟣 🟡 🔴 🟡 🟢 🟣 🟡 ⚫
4: 🟡 🔴 🟢 🟢 🟣 🔵 🟢 🔴
5: 🟡 🟣 🔴 🟣 🟣 🔵 🟡 🟢
6: 🔴 🟣 🟢 🔵 🔵 🟣 🟢 🟡
7: 🔵 🟡 🟡 🟣 🔴 🟣 🔴 🔴


📋 After Refill:
   0 1 2 3 4 5 6 7
0: 🔴 🟢 🟢 🔵 🔴 🟡 🟣 🟣
1: 🟢 🔴 🟣 🟢 🔴 🟣 🔵 🔴
2: 🟡 🟣 🟡 🔵 🔵 🟢 🟡 🟡
3: 🟣 🟡 🔴 🟡 🟢 🟣 🟡 🔵
4: 🟡 🔴 🟢 🟢 🟣 🔵 🟢 🔴
5: 🟡 🟣 🔴 🟣 🟣 🔵 🟡 🟢
6: 🔴 🟣 🟢 🔵 🔵 🟣 🟢 🟡
7: 🔵 🟡 🟡 🟣 🔴 🟣 🔴 🔴

=====================================


📝 MOVE 1 - 下午9:13:52
=====================================
🔄 Swap: (0,6)[🟡] ↔ (0,7)[🟣]

📋 Board BEFORE Swap:
   0 1 2 3 4 5 6 7
0: 🔴 🟢 🟢 🔵 🔴 🟡 🟡 🟣
1: 🟢 🔴 🟣 🟢 🔴 🟣 🔵 🟡
2: 🟡 🟣 🟡 🔵 🔵 🟢 🟡 🟡
3: 🟣 🟡 🔴 🟡 🟢 🟣 🟡 🟣
4: 🟡 🔴 🟢 🟢 🟣 🔵 🟢 🟣
5: 🟡 🟣 🔴 🟣 🟣 🔵 🟡 🟢
6: 🔴 🟣 🟢 🔵 🔵 🟣 🟢 🟡
7: 🔵 🟡 🟡 🟣 🔴 🟣 🔴 🔴


🎯 Matches Found: 1 groups
  Group 1: (0,7), (1,7), (2,7)

🌊 Cascade Events: 2 levels
  Level 1: 3 tiles cleared, 0 tiles fell, 3 new tiles, +30 points
  Level 2: 4 tiles cleared, 1 tiles fell, 4 new tiles, +60 points

📋 Board AFTER All Cascades:
   0 1 2 3 4 5 6 7
0: 🔴 🟢 🟢 🔵 🔴 🟡 🟣 🟣
1: 🟢 🔴 🟣 🟢 🔴 🟣 🔵 🔴
2: 🟡 🟣 🟡 🔵 🔵 🟢 🟡 🟡
3: 🟣 🟡 🔴 🟡 🟢 🟣 🟡 🔵
4: 🟡 🔴 🟢 🟢 🟣 🔵 🟢 🔴
5: 🟡 🟣 🔴 🟣 🟣 🔵 🟡 🟢
6: 🔴 🟣 🟢 🔵 🔵 🟣 🟢 🟡
7: 🔵 🟡 🟡 🟣 🔴 🟣 🔴 🔴


💰 Score: +90 (Total: 90)
=====================================


📋 After All Cascades - 下午9:13:52
   0 1 2 3 4 5 6 7
0: 🔴 🟢 🟢 🔵 🔴 🟡 🟣 🟣
1: 🟢 🔴 🟣 🟢 🔴 🟣 🔵 🔴
2: 🟡 🟣 🟡 🔵 🔵 🟢 🟡 🟡
3: 🟣 🟡 🔴 🟡 🟢 🟣 🟡 🔵
4: 🟡 🔴 🟢 🟢 🟣 🔵 🟢 🔴
5: 🟡 🟣 🔴 🟣 🟣 🔵 🟡 🟢
6: 🔴 🟣 🟢 🔵 🔵 🟣 🟢 🟡
7: 🔵 🟡 🟡 🟣 🔴 🟣 🔴 🔴



📋 Before Swap - 下午9:13:56
   0 1 2 3 4 5 6 7
0: 🔴 🟢 🟢 🔵 🔴 🟡 🟣 🟣
1: 🟢 🔴 🟣 🟢 🔴 🟣 🔵 🔴
2: 🟡 🟣 🟡 🔵 🔵 🟢 🟡 🟡
3: 🟣 🟡 🔴 🟡 🟢 🟣 🟡 🔵
4: 🟡 🔴 🟢 🟢 🟣 🔵 🟢 🔴
5: 🟡 🟣 🔴 🟣 🟣 🔵 🟡 🟢
6: 🔴 🟣 🟢 🔵 🔵 🟣 🟢 🟡
7: 🔵 🟡 🟡 🟣 🔴 🟣 🔴 🔴



⬇️  FALLING TILES - 下午9:13:57
=====================================
📊 Total Movements: 3

🎯 Movement Details:
  🔴 (0,4) → (3,4)
  🔴 (1,4) → (4,4)
  🔵 (2,4) → (5,4)

📋 Before Gravity:
   0 1 2 3 4 5 6 7
0: 🔴 🟢 🟢 🔵 🔴 🟡 🟣 🟣
1: 🟢 🔴 🟣 🟢 🔴 🟣 🔵 🔴
2: 🟡 🟣 🟡 🔵 🔵 🟢 🟡 🟡
3: 🟣 🟡 🔴 🟡 ⚫ 🟢 🟡 🔵
4: 🟡 🔴 🟢 🟢 ⚫ 🔵 🟢 🔴
5: 🟡 🟣 🔴 🟣 ⚫ 🔵 🟡 🟢
6: 🔴 🟣 🟢 🔵 🔵 🟣 🟢 🟡
7: 🔵 🟡 🟡 🟣 🔴 🟣 🔴 🔴


📋 After Gravity:
   0 1 2 3 4 5 6 7
0: 🔴 🟢 🟢 🔵 ⚫ 🟡 🟣 🟣
1: 🟢 🔴 🟣 🟢 ⚫ 🟣 🔵 🔴
2: 🟡 🟣 🟡 🔵 ⚫ 🟢 🟡 🟡
3: 🟣 🟡 🔴 🟡 🔴 🟢 🟡 🔵
4: 🟡 🔴 🟢 🟢 🔴 🔵 🟢 🔴
5: 🟡 🟣 🔴 🟣 🔵 🔵 🟡 🟢
6: 🔴 🟣 🟢 🔵 🔵 🟣 🟢 🟡
7: 🔵 🟡 🟡 🟣 🔴 🟣 🔴 🔴

=====================================


🎲 BOARD REFILL - 下午9:13:57
=====================================
🆕 New Tiles Spawned: 3

📍 New Tile Positions:
  🟣 at (0,4)
  🟡 at (1,4)
  🟣 at (2,4)

📋 Before Refill:
   0 1 2 3 4 5 6 7
0: 🔴 🟢 🟢 🔵 ⚫ 🟡 🟣 🟣
1: 🟢 🔴 🟣 🟢 ⚫ 🟣 🔵 🔴
2: 🟡 🟣 🟡 🔵 ⚫ 🟢 🟡 🟡
3: 🟣 🟡 🔴 🟡 🔴 🟢 🟡 🔵
4: 🟡 🔴 🟢 🟢 🔴 🔵 🟢 🔴
5: 🟡 🟣 🔴 🟣 🔵 🔵 🟡 🟢
6: 🔴 🟣 🟢 🔵 🔵 🟣 🟢 🟡
7: 🔵 🟡 🟡 🟣 🔴 🟣 🔴 🔴


📋 After Refill:
   0 1 2 3 4 5 6 7
0: 🔴 🟢 🟢 🔵 🟣 🟡 🟣 🟣
1: 🟢 🔴 🟣 🟢 🟡 🟣 🔵 🔴
2: 🟡 🟣 🟡 🔵 🟣 🟢 🟡 🟡
3: 🟣 🟡 🔴 🟡 🔴 🟢 🟡 🔵
4: 🟡 🔴 🟢 🟢 🔴 🔵 🟢 🔴
5: 🟡 🟣 🔴 🟣 🔵 🔵 🟡 🟢
6: 🔴 🟣 🟢 🔵 🔵 🟣 🟢 🟡
7: 🔵 🟡 🟡 🟣 🔴 🟣 🔴 🔴

=====================================


📝 MOVE 2 - 下午9:13:58
=====================================
🔄 Swap: (3,4)[🟢] ↔ (3,5)[🟣]

📋 Board BEFORE Swap:
   0 1 2 3 4 5 6 7
0: 🔴 🟢 🟢 🔵 🔴 🟡 🟣 🟣
1: 🟢 🔴 🟣 🟢 🔴 🟣 🔵 🔴
2: 🟡 🟣 🟡 🔵 🔵 🟢 🟡 🟡
3: 🟣 🟡 🔴 🟡 🟢 🟣 🟡 🔵
4: 🟡 🔴 🟢 🟢 🟣 🔵 🟢 🔴
5: 🟡 🟣 🔴 🟣 🟣 🔵 🟡 🟢
6: 🔴 🟣 🟢 🔵 🔵 🟣 🟢 🟡
7: 🔵 🟡 🟡 🟣 🔴 🟣 🔴 🔴


🎯 Matches Found: 1 groups
  Group 1: (3,4), (4,4), (5,4)

🌊 Cascade Events: 1 levels
  Level 1: 3 tiles cleared, 3 tiles fell, 3 new tiles, +30 points

📋 Board AFTER All Cascades:
   0 1 2 3 4 5 6 7
0: 🔴 🟢 🟢 🔵 🟣 🟡 🟣 🟣
1: 🟢 🔴 🟣 🟢 🟡 🟣 🔵 🔴
2: 🟡 🟣 🟡 🔵 🟣 🟢 🟡 🟡
3: 🟣 🟡 🔴 🟡 🔴 🟢 🟡 🔵
4: 🟡 🔴 🟢 🟢 🔴 🔵 🟢 🔴
5: 🟡 🟣 🔴 🟣 🔵 🔵 🟡 🟢
6: 🔴 🟣 🟢 🔵 🔵 🟣 🟢 🟡
7: 🔵 🟡 🟡 🟣 🔴 🟣 🔴 🔴


💰 Score: +30 (Total: 120)
=====================================


📋 After All Cascades - 下午9:13:58
   0 1 2 3 4 5 6 7
0: 🔴 🟢 🟢 🔵 🟣 🟡 🟣 🟣
1: 🟢 🔴 🟣 🟢 🟡 🟣 🔵 🔴
2: 🟡 🟣 🟡 🔵 🟣 🟢 🟡 🟡
3: 🟣 🟡 🔴 🟡 🔴 🟢 🟡 🔵
4: 🟡 🔴 🟢 🟢 🔴 🔵 🟢 🔴
5: 🟡 🟣 🔴 🟣 🔵 🔵 🟡 🟢
6: 🔴 🟣 🟢 🔵 🔵 🟣 🟢 🟡
7: 🔵 🟡 🟡 🟣 🔴 🟣 🔴 🔴


