🎮 Match-3 Game Session Log
📅 Session ID: 2025-09-13T06-24-20-662Z
🕐 Started: 2025/9/13 下午2:24:20
=====================================


🐛 DEBUG - 下午2:24:20
=====================================
💬 Message: LogManager initialized
📊 Data: {
  "sessionId": "2025-09-13T06-24-20-662Z",
  "timestamp": "2025-09-13T06:24:20.663Z"
}
=====================================


🐛 DEBUG - 下午2:24:20
=====================================
💬 Message: Game scene initialized
📊 Data: {
  "timestamp": "2025-09-13T06:24:20.738Z",
  "boardSize": 8
}
=====================================


📋 Before Swap - 下午2:24:54
   0 1 2 3 4 5 6 7
0: 🟡 🟡 🟣 🟡 🔴 🟣 🟣 🟡
1: 🔴 🟣 🔵 🟣 🔵 🟣 🟢 🔵
2: 🟢 🔵 🔵 🟣 🟣 🟢 🔵 🔵
3: 🟡 🟢 🔴 🟢 🟢 🟡 🟣 🔴
4: 🟣 🟣 🟢 🔵 🔵 🟢 🟡 🟡
5: 🟣 🟡 🟡 🔴 🟣 🔴 🟣 🟡
6: 🔵 🟣 🔵 🟣 🔵 🔵 🟢 🟣
7: 🟡 🟣 🔵 🔵 🟢 🟢 🟡 🟣



⬇️  FALLING TILES - 下午2:24:55
=====================================
📊 Total Movements: 3

🎯 Movement Details:
  🟡 (0,1) → (1,1)
  🔵 (0,2) → (1,2)
  🟡 (0,3) → (1,3)

📋 Before Gravity:
   0 1 2 3 4 5 6 7
0: 🟡 🟡 🔵 🟡 🔴 🟣 🟣 🟡
1: 🔴 ⚫ ⚫ ⚫ 🔵 🟣 🟢 🔵
2: 🟢 🔵 🔵 🟣 🟣 🟢 🔵 🔵
3: 🟡 🟢 🔴 🟢 🟢 🟡 🟣 🔴
4: 🟣 🟣 🟢 🔵 🔵 🟢 🟡 🟡
5: 🟣 🟡 🟡 🔴 🟣 🔴 🟣 🟡
6: 🔵 🟣 🔵 🟣 🔵 🔵 🟢 🟣
7: 🟡 🟣 🔵 🔵 🟢 🟢 🟡 🟣


📋 After Gravity:
   0 1 2 3 4 5 6 7
0: 🟡 ⚫ ⚫ ⚫ 🔴 🟣 🟣 🟡
1: 🔴 🟡 🔵 🟡 🔵 🟣 🟢 🔵
2: 🟢 🔵 🔵 🟣 🟣 🟢 🔵 🔵
3: 🟡 🟢 🔴 🟢 🟢 🟡 🟣 🔴
4: 🟣 🟣 🟢 🔵 🔵 🟢 🟡 🟡
5: 🟣 🟡 🟡 🔴 🟣 🔴 🟣 🟡
6: 🔵 🟣 🔵 🟣 🔵 🔵 🟢 🟣
7: 🟡 🟣 🔵 🔵 🟢 🟢 🟡 🟣

=====================================


🎲 BOARD REFILL - 下午2:24:55
=====================================
🆕 New Tiles Spawned: 3

📍 New Tile Positions:
  🟣 at (0,1)
  🟢 at (0,2)
  🔴 at (0,3)

📋 Before Refill:
   0 1 2 3 4 5 6 7
0: 🟡 ⚫ ⚫ ⚫ 🔴 🟣 🟣 🟡
1: 🔴 🟡 🔵 🟡 🔵 🟣 🟢 🔵
2: 🟢 🔵 🔵 🟣 🟣 🟢 🔵 🔵
3: 🟡 🟢 🔴 🟢 🟢 🟡 🟣 🔴
4: 🟣 🟣 🟢 🔵 🔵 🟢 🟡 🟡
5: 🟣 🟡 🟡 🔴 🟣 🔴 🟣 🟡
6: 🔵 🟣 🔵 🟣 🔵 🔵 🟢 🟣
7: 🟡 🟣 🔵 🔵 🟢 🟢 🟡 🟣


📋 After Refill:
   0 1 2 3 4 5 6 7
0: 🟡 🟣 🟢 🔴 🔴 🟣 🟣 🟡
1: 🔴 🟡 🔵 🟡 🔵 🟣 🟢 🔵
2: 🟢 🔵 🔵 🟣 🟣 🟢 🔵 🔵
3: 🟡 🟢 🔴 🟢 🟢 🟡 🟣 🔴
4: 🟣 🟣 🟢 🔵 🔵 🟢 🟡 🟡
5: 🟣 🟡 🟡 🔴 🟣 🔴 🟣 🟡
6: 🔵 🟣 🔵 🟣 🔵 🔵 🟢 🟣
7: 🟡 🟣 🔵 🔵 🟢 🟢 🟡 🟣

=====================================


📝 MOVE 1 - 下午2:24:56
=====================================
🔄 Swap: (0,2)[🟣] ↔ (1,2)[🔵]

📋 Board BEFORE Swap:
   0 1 2 3 4 5 6 7
0: 🟡 🟡 🟣 🟡 🔴 🟣 🟣 🟡
1: 🔴 🟣 🔵 🟣 🔵 🟣 🟢 🔵
2: 🟢 🔵 🔵 🟣 🟣 🟢 🔵 🔵
3: 🟡 🟢 🔴 🟢 🟢 🟡 🟣 🔴
4: 🟣 🟣 🟢 🔵 🔵 🟢 🟡 🟡
5: 🟣 🟡 🟡 🔴 🟣 🔴 🟣 🟡
6: 🔵 🟣 🔵 🟣 🔵 🔵 🟢 🟣
7: 🟡 🟣 🔵 🔵 🟢 🟢 🟡 🟣


🎯 Matches Found: 1 groups
  Group 1: (1,1), (1,2), (1,3)

🌊 Cascade Events: 1 levels
  Level 1: 3 tiles cleared, 3 tiles fell, 3 new tiles, +30 points

📋 Board AFTER All Cascades:
   0 1 2 3 4 5 6 7
0: 🟡 🟣 🟢 🔴 🔴 🟣 🟣 🟡
1: 🔴 🟡 🔵 🟡 🔵 🟣 🟢 🔵
2: 🟢 🔵 🔵 🟣 🟣 🟢 🔵 🔵
3: 🟡 🟢 🔴 🟢 🟢 🟡 🟣 🔴
4: 🟣 🟣 🟢 🔵 🔵 🟢 🟡 🟡
5: 🟣 🟡 🟡 🔴 🟣 🔴 🟣 🟡
6: 🔵 🟣 🔵 🟣 🔵 🔵 🟢 🟣
7: 🟡 🟣 🔵 🔵 🟢 🟢 🟡 🟣


💰 Score: +30 (Total: 30)
=====================================


📋 After All Cascades - 下午2:24:56
   0 1 2 3 4 5 6 7
0: 🟡 🟣 🟢 🔴 🔴 🟣 🟣 🟡
1: 🔴 🟡 🔵 🟡 🔵 🟣 🟢 🔵
2: 🟢 🔵 🔵 🟣 🟣 🟢 🔵 🔵
3: 🟡 🟢 🔴 🟢 🟢 🟡 🟣 🔴
4: 🟣 🟣 🟢 🔵 🔵 🟢 🟡 🟡
5: 🟣 🟡 🟡 🔴 🟣 🔴 🟣 🟡
6: 🔵 🟣 🔵 🟣 🔵 🔵 🟢 🟣
7: 🟡 🟣 🔵 🔵 🟢 🟢 🟡 🟣



📋 Before Swap - 下午2:24:59
   0 1 2 3 4 5 6 7
0: 🟡 🟣 🟢 🔴 🔴 🟣 🟣 🟡
1: 🔴 🟡 🔵 🟡 🔵 🟣 🟢 🔵
2: 🟢 🔵 🔵 🟣 🟣 🟢 🔵 🔵
3: 🟡 🟢 🔴 🟢 🟢 🟡 🟣 🔴
4: 🟣 🟣 🟢 🔵 🔵 🟢 🟡 🟡
5: 🟣 🟡 🟡 🔴 🟣 🔴 🟣 🟡
6: 🔵 🟣 🔵 🟣 🔵 🔵 🟢 🟣
7: 🟡 🟣 🔵 🔵 🟢 🟢 🟡 🟣



⬇️  FALLING TILES - 下午2:24:59
=====================================
📊 Total Movements: 6

🎯 Movement Details:
  🔴 (0,3) → (1,3)
  🟡 (1,3) → (2,3)
  🔴 (0,4) → (1,4)
  🔵 (1,4) → (2,4)
  🟣 (0,5) → (1,5)
  🟢 (1,5) → (2,5)

📋 Before Gravity:
   0 1 2 3 4 5 6 7
0: 🟡 🟣 🟢 🔴 🔴 🟣 🟣 🟡
1: 🔴 🟡 🔵 🟡 🔵 🟢 🟢 🔵
2: 🟢 🔵 🔵 ⚫ ⚫ ⚫ 🔵 🔵
3: 🟡 🟢 🔴 🟢 🟢 🟡 🟣 🔴
4: 🟣 🟣 🟢 🔵 🔵 🟢 🟡 🟡
5: 🟣 🟡 🟡 🔴 🟣 🔴 🟣 🟡
6: 🔵 🟣 🔵 🟣 🔵 🔵 🟢 🟣
7: 🟡 🟣 🔵 🔵 🟢 🟢 🟡 🟣


📋 After Gravity:
   0 1 2 3 4 5 6 7
0: 🟡 🟣 🟢 ⚫ ⚫ ⚫ 🟣 🟡
1: 🔴 🟡 🔵 🔴 🔴 🟣 🟢 🔵
2: 🟢 🔵 🔵 🟡 🔵 🟢 🔵 🔵
3: 🟡 🟢 🔴 🟢 🟢 🟡 🟣 🔴
4: 🟣 🟣 🟢 🔵 🔵 🟢 🟡 🟡
5: 🟣 🟡 🟡 🔴 🟣 🔴 🟣 🟡
6: 🔵 🟣 🔵 🟣 🔵 🔵 🟢 🟣
7: 🟡 🟣 🔵 🔵 🟢 🟢 🟡 🟣

=====================================


🎲 BOARD REFILL - 下午2:24:59
=====================================
🆕 New Tiles Spawned: 3

📍 New Tile Positions:
  🔴 at (0,3)
  🟡 at (0,4)
  🟡 at (0,5)

📋 Before Refill:
   0 1 2 3 4 5 6 7
0: 🟡 🟣 🟢 ⚫ ⚫ ⚫ 🟣 🟡
1: 🔴 🟡 🔵 🔴 🔴 🟣 🟢 🔵
2: 🟢 🔵 🔵 🟡 🔵 🟢 🔵 🔵
3: 🟡 🟢 🔴 🟢 🟢 🟡 🟣 🔴
4: 🟣 🟣 🟢 🔵 🔵 🟢 🟡 🟡
5: 🟣 🟡 🟡 🔴 🟣 🔴 🟣 🟡
6: 🔵 🟣 🔵 🟣 🔵 🔵 🟢 🟣
7: 🟡 🟣 🔵 🔵 🟢 🟢 🟡 🟣


📋 After Refill:
   0 1 2 3 4 5 6 7
0: 🟡 🟣 🟢 🔴 🟡 🟡 🟣 🟡
1: 🔴 🟡 🔵 🔴 🔴 🟣 🟢 🔵
2: 🟢 🔵 🔵 🟡 🔵 🟢 🔵 🔵
3: 🟡 🟢 🔴 🟢 🟢 🟡 🟣 🔴
4: 🟣 🟣 🟢 🔵 🔵 🟢 🟡 🟡
5: 🟣 🟡 🟡 🔴 🟣 🔴 🟣 🟡
6: 🔵 🟣 🔵 🟣 🔵 🔵 🟢 🟣
7: 🟡 🟣 🔵 🔵 🟢 🟢 🟡 🟣

=====================================


📝 MOVE 2 - 下午2:25:00
=====================================
🔄 Swap: (1,5)[🟣] ↔ (2,5)[🟢]

📋 Board BEFORE Swap:
   0 1 2 3 4 5 6 7
0: 🟡 🟣 🟢 🔴 🔴 🟣 🟣 🟡
1: 🔴 🟡 🔵 🟡 🔵 🟣 🟢 🔵
2: 🟢 🔵 🔵 🟣 🟣 🟢 🔵 🔵
3: 🟡 🟢 🔴 🟢 🟢 🟡 🟣 🔴
4: 🟣 🟣 🟢 🔵 🔵 🟢 🟡 🟡
5: 🟣 🟡 🟡 🔴 🟣 🔴 🟣 🟡
6: 🔵 🟣 🔵 🟣 🔵 🔵 🟢 🟣
7: 🟡 🟣 🔵 🔵 🟢 🟢 🟡 🟣


🎯 Matches Found: 1 groups
  Group 1: (2,3), (2,4), (2,5)

🌊 Cascade Events: 1 levels
  Level 1: 3 tiles cleared, 6 tiles fell, 3 new tiles, +30 points

📋 Board AFTER All Cascades:
   0 1 2 3 4 5 6 7
0: 🟡 🟣 🟢 🔴 🟡 🟡 🟣 🟡
1: 🔴 🟡 🔵 🔴 🔴 🟣 🟢 🔵
2: 🟢 🔵 🔵 🟡 🔵 🟢 🔵 🔵
3: 🟡 🟢 🔴 🟢 🟢 🟡 🟣 🔴
4: 🟣 🟣 🟢 🔵 🔵 🟢 🟡 🟡
5: 🟣 🟡 🟡 🔴 🟣 🔴 🟣 🟡
6: 🔵 🟣 🔵 🟣 🔵 🔵 🟢 🟣
7: 🟡 🟣 🔵 🔵 🟢 🟢 🟡 🟣


💰 Score: +30 (Total: 60)
=====================================


📋 After All Cascades - 下午2:25:00
   0 1 2 3 4 5 6 7
0: 🟡 🟣 🟢 🔴 🟡 🟡 🟣 🟡
1: 🔴 🟡 🔵 🔴 🔴 🟣 🟢 🔵
2: 🟢 🔵 🔵 🟡 🔵 🟢 🔵 🔵
3: 🟡 🟢 🔴 🟢 🟢 🟡 🟣 🔴
4: 🟣 🟣 🟢 🔵 🔵 🟢 🟡 🟡
5: 🟣 🟡 🟡 🔴 🟣 🔴 🟣 🟡
6: 🔵 🟣 🔵 🟣 🔵 🔵 🟢 🟣
7: 🟡 🟣 🔵 🔵 🟢 🟢 🟡 🟣


