🎮 Match-3 Game Session Log
📅 Session ID: 2025-09-13T10-47-02-838Z
🕐 Started: 2025/9/13 下午6:47:02
=====================================


🐛 DEBUG - 下午6:47:02
=====================================
💬 Message: LogManager initialized
📊 Data: {
  "sessionId": "2025-09-13T10-47-02-838Z",
  "timestamp": "2025-09-13T10:47:02.838Z"
}
=====================================


🐛 DEBUG - 下午6:47:02
=====================================
💬 Message: Game scene initialized
📊 Data: {
  "timestamp": "2025-09-13T10:47:02.896Z",
  "boardSize": 8
}
=====================================


📋 Before Swap - 下午6:47:06
   0 1 2 3 4 5 6 7
0: 🟡 🔴 🟢 🔴 🟡 🟢 🟡 🔴
1: 🟣 🔴 🟡 🟡 🔴 🔴 🟣 🟢
2: 🟢 🟣 🟣 🔵 🔵 🟡 🔵 🟣
3: 🟣 🔴 🔵 🟣 🔵 🔴 🔵 🟢
4: 🟡 🟣 🟢 🟡 🟣 🔴 🟡 🔴
5: 🔴 🔴 🟡 🔴 🟣 🟢 🟡 🟡
6: 🟡 🟢 🟣 🟣 🔴 🟣 🟢 🟣
7: 🔴 🔵 🟢 🟢 🟣 🟡 🟢 🟣



⬇️  FALLING TILES - 下午6:47:07
=====================================
📊 Total Movements: 6

🎯 Movement Details:
  🟡 (0,0) → (1,0)
  🟢 (1,0) → (2,0)
  🔴 (0,1) → (1,1)
  🔴 (1,1) → (2,1)
  🟢 (0,2) → (1,2)
  🟡 (1,2) → (2,2)

📋 Before Gravity:
   0 1 2 3 4 5 6 7
0: 🟡 🔴 🟢 🔴 🟡 🟢 🟡 🔴
1: 🟢 🔴 🟡 🟡 🔴 🔴 🟣 🟢
2: ⚫ ⚫ ⚫ 🔵 🔵 🟡 🔵 🟣
3: 🟣 🔴 🔵 🟣 🔵 🔴 🔵 🟢
4: 🟡 🟣 🟢 🟡 🟣 🔴 🟡 🔴
5: 🔴 🔴 🟡 🔴 🟣 🟢 🟡 🟡
6: 🟡 🟢 🟣 🟣 🔴 🟣 🟢 🟣
7: 🔴 🔵 🟢 🟢 🟣 🟡 🟢 🟣


📋 After Gravity:
   0 1 2 3 4 5 6 7
0: ⚫ ⚫ ⚫ 🔴 🟡 🟢 🟡 🔴
1: 🟡 🔴 🟢 🟡 🔴 🔴 🟣 🟢
2: 🟢 🔴 🟡 🔵 🔵 🟡 🔵 🟣
3: 🟣 🔴 🔵 🟣 🔵 🔴 🔵 🟢
4: 🟡 🟣 🟢 🟡 🟣 🔴 🟡 🔴
5: 🔴 🔴 🟡 🔴 🟣 🟢 🟡 🟡
6: 🟡 🟢 🟣 🟣 🔴 🟣 🟢 🟣
7: 🔴 🔵 🟢 🟢 🟣 🟡 🟢 🟣

=====================================


🎲 BOARD REFILL - 下午6:47:07
=====================================
🆕 New Tiles Spawned: 3

📍 New Tile Positions:
  🟢 at (0,0)
  🟣 at (0,1)
  🟡 at (0,2)

📋 Before Refill:
   0 1 2 3 4 5 6 7
0: ⚫ ⚫ ⚫ 🔴 🟡 🟢 🟡 🔴
1: 🟡 🔴 🟢 🟡 🔴 🔴 🟣 🟢
2: 🟢 🔴 🟡 🔵 🔵 🟡 🔵 🟣
3: 🟣 🔴 🔵 🟣 🔵 🔴 🔵 🟢
4: 🟡 🟣 🟢 🟡 🟣 🔴 🟡 🔴
5: 🔴 🔴 🟡 🔴 🟣 🟢 🟡 🟡
6: 🟡 🟢 🟣 🟣 🔴 🟣 🟢 🟣
7: 🔴 🔵 🟢 🟢 🟣 🟡 🟢 🟣


📋 After Refill:
   0 1 2 3 4 5 6 7
0: 🟢 🟣 🟡 🔴 🟡 🟢 🟡 🔴
1: 🟡 🔴 🟢 🟡 🔴 🔴 🟣 🟢
2: 🟢 🔴 🟡 🔵 🔵 🟡 🔵 🟣
3: 🟣 🔴 🔵 🟣 🔵 🔴 🔵 🟢
4: 🟡 🟣 🟢 🟡 🟣 🔴 🟡 🔴
5: 🔴 🔴 🟡 🔴 🟣 🟢 🟡 🟡
6: 🟡 🟢 🟣 🟣 🔴 🟣 🟢 🟣
7: 🔴 🔵 🟢 🟢 🟣 🟡 🟢 🟣

=====================================


⬇️  FALLING TILES - 下午6:47:08
=====================================
📊 Total Movements: 1

🎯 Movement Details:
  🟣 (0,1) → (3,1)

📋 Before Gravity:
   0 1 2 3 4 5 6 7
0: 🟢 🟣 🟡 🔴 🟡 🟢 🟡 🔴
1: 🟡 ⚫ 🟢 🟡 🔴 🔴 🟣 🟢
2: 🟢 ⚫ 🟡 🔵 🔵 🟡 🔵 🟣
3: 🟣 ⚫ 🔵 🟣 🔵 🔴 🔵 🟢
4: 🟡 🟣 🟢 🟡 🟣 🔴 🟡 🔴
5: 🔴 🔴 🟡 🔴 🟣 🟢 🟡 🟡
6: 🟡 🟢 🟣 🟣 🔴 🟣 🟢 🟣
7: 🔴 🔵 🟢 🟢 🟣 🟡 🟢 🟣


📋 After Gravity:
   0 1 2 3 4 5 6 7
0: 🟢 ⚫ 🟡 🔴 🟡 🟢 🟡 🔴
1: 🟡 ⚫ 🟢 🟡 🔴 🔴 🟣 🟢
2: 🟢 ⚫ 🟡 🔵 🔵 🟡 🔵 🟣
3: 🟣 🟣 🔵 🟣 🔵 🔴 🔵 🟢
4: 🟡 🟣 🟢 🟡 🟣 🔴 🟡 🔴
5: 🔴 🔴 🟡 🔴 🟣 🟢 🟡 🟡
6: 🟡 🟢 🟣 🟣 🔴 🟣 🟢 🟣
7: 🔴 🔵 🟢 🟢 🟣 🟡 🟢 🟣

=====================================


🎲 BOARD REFILL - 下午6:47:08
=====================================
🆕 New Tiles Spawned: 3

📍 New Tile Positions:
  🔵 at (0,1)
  🔵 at (1,1)
  🟢 at (2,1)

📋 Before Refill:
   0 1 2 3 4 5 6 7
0: 🟢 ⚫ 🟡 🔴 🟡 🟢 🟡 🔴
1: 🟡 ⚫ 🟢 🟡 🔴 🔴 🟣 🟢
2: 🟢 ⚫ 🟡 🔵 🔵 🟡 🔵 🟣
3: 🟣 🟣 🔵 🟣 🔵 🔴 🔵 🟢
4: 🟡 🟣 🟢 🟡 🟣 🔴 🟡 🔴
5: 🔴 🔴 🟡 🔴 🟣 🟢 🟡 🟡
6: 🟡 🟢 🟣 🟣 🔴 🟣 🟢 🟣
7: 🔴 🔵 🟢 🟢 🟣 🟡 🟢 🟣


📋 After Refill:
   0 1 2 3 4 5 6 7
0: 🟢 🔵 🟡 🔴 🟡 🟢 🟡 🔴
1: 🟡 🔵 🟢 🟡 🔴 🔴 🟣 🟢
2: 🟢 🟢 🟡 🔵 🔵 🟡 🔵 🟣
3: 🟣 🟣 🔵 🟣 🔵 🔴 🔵 🟢
4: 🟡 🟣 🟢 🟡 🟣 🔴 🟡 🔴
5: 🔴 🔴 🟡 🔴 🟣 🟢 🟡 🟡
6: 🟡 🟢 🟣 🟣 🔴 🟣 🟢 🟣
7: 🔴 🔵 🟢 🟢 🟣 🟡 🟢 🟣

=====================================


📝 MOVE 1 - 下午6:47:09
=====================================
🔄 Swap: (1,0)[🟣] ↔ (2,0)[🟢]

📋 Board BEFORE Swap:
   0 1 2 3 4 5 6 7
0: 🟡 🔴 🟢 🔴 🟡 🟢 🟡 🔴
1: 🟣 🔴 🟡 🟡 🔴 🔴 🟣 🟢
2: 🟢 🟣 🟣 🔵 🔵 🟡 🔵 🟣
3: 🟣 🔴 🔵 🟣 🔵 🔴 🔵 🟢
4: 🟡 🟣 🟢 🟡 🟣 🔴 🟡 🔴
5: 🔴 🔴 🟡 🔴 🟣 🟢 🟡 🟡
6: 🟡 🟢 🟣 🟣 🔴 🟣 🟢 🟣
7: 🔴 🔵 🟢 🟢 🟣 🟡 🟢 🟣


🎯 Matches Found: 1 groups
  Group 1: (2,0), (2,1), (2,2)

🌊 Cascade Events: 2 levels
  Level 1: 3 tiles cleared, 6 tiles fell, 3 new tiles, +30 points
  Level 2: 3 tiles cleared, 1 tiles fell, 3 new tiles, +45 points

📋 Board AFTER All Cascades:
   0 1 2 3 4 5 6 7
0: 🟢 🔵 🟡 🔴 🟡 🟢 🟡 🔴
1: 🟡 🔵 🟢 🟡 🔴 🔴 🟣 🟢
2: 🟢 🟢 🟡 🔵 🔵 🟡 🔵 🟣
3: 🟣 🟣 🔵 🟣 🔵 🔴 🔵 🟢
4: 🟡 🟣 🟢 🟡 🟣 🔴 🟡 🔴
5: 🔴 🔴 🟡 🔴 🟣 🟢 🟡 🟡
6: 🟡 🟢 🟣 🟣 🔴 🟣 🟢 🟣
7: 🔴 🔵 🟢 🟢 🟣 🟡 🟢 🟣


💰 Score: +75 (Total: 75)
=====================================


📋 After All Cascades - 下午6:47:09
   0 1 2 3 4 5 6 7
0: 🟢 🔵 🟡 🔴 🟡 🟢 🟡 🔴
1: 🟡 🔵 🟢 🟡 🔴 🔴 🟣 🟢
2: 🟢 🟢 🟡 🔵 🔵 🟡 🔵 🟣
3: 🟣 🟣 🔵 🟣 🔵 🔴 🔵 🟢
4: 🟡 🟣 🟢 🟡 🟣 🔴 🟡 🔴
5: 🔴 🔴 🟡 🔴 🟣 🟢 🟡 🟡
6: 🟡 🟢 🟣 🟣 🔴 🟣 🟢 🟣
7: 🔴 🔵 🟢 🟢 🟣 🟡 🟢 🟣



📋 Before Swap - 下午6:47:20
   0 1 2 3 4 5 6 7
0: 🟢 🔵 🟡 🔴 🟡 🟢 🟡 🔴
1: 🟡 🔵 🟢 🟡 🔴 🔴 🟣 🟢
2: 🟢 🟢 🟡 🔵 🔵 🟡 🔵 🟣
3: 🟣 🟣 🔵 🟣 🔵 🔴 🔵 🟢
4: 🟡 🟣 🟢 🟡 🟣 🔴 🟡 🔴
5: 🔴 🔴 🟡 🔴 🟣 🟢 🟡 🟡
6: 🟡 🟢 🟣 🟣 🔴 🟣 🟢 🟣
7: 🔴 🔵 🟢 🟢 🟣 🟡 🟢 🟣



⬇️  FALLING TILES - 下午6:47:21
=====================================
📊 Total Movements: 22

🎯 Movement Details:
  🟡 (0,2) → (1,2)
  🟢 (1,2) → (2,2)
  🟡 (2,2) → (3,2)
  🔵 (3,2) → (4,2)
  🟢 (4,2) → (5,2)
  🟡 (5,2) → (6,2)
  🔴 (0,3) → (1,3)
  🟡 (1,3) → (2,3)
  🔵 (2,3) → (3,3)
  🟣 (3,3) → (4,3)
  🟡 (4,3) → (5,3)
  🔴 (5,3) → (6,3)
  🟡 (0,4) → (3,4)
  🔴 (1,4) → (4,4)
  🔵 (2,4) → (5,4)
  🔵 (3,4) → (6,4)
  🟢 (0,5) → (1,5)
  🔴 (1,5) → (2,5)
  🟡 (2,5) → (3,5)
  🔴 (3,5) → (4,5)
  🔴 (4,5) → (5,5)
  🟢 (5,5) → (6,5)

📋 Before Gravity:
   0 1 2 3 4 5 6 7
0: 🟢 🔵 🟡 🔴 🟡 🟢 🟡 🔴
1: 🟡 🔵 🟢 🟡 🔴 🔴 🟣 🟢
2: 🟢 🟢 🟡 🔵 🔵 🟡 🔵 🟣
3: 🟣 🟣 🔵 🟣 🔵 🔴 🔵 🟢
4: 🟡 🟣 🟢 🟡 ⚫ 🔴 🟡 🔴
5: 🔴 🔴 🟡 🔴 ⚫ 🟢 🟡 🟡
6: 🟡 🟢 ⚫ ⚫ ⚫ ⚫ 🟢 🟣
7: 🔴 🔵 🟢 🟢 🔴 🟡 🟢 🟣


📋 After Gravity:
   0 1 2 3 4 5 6 7
0: 🟢 🔵 ⚫ ⚫ ⚫ ⚫ 🟡 🔴
1: 🟡 🔵 🟡 🔴 ⚫ 🟢 🟣 🟢
2: 🟢 🟢 🟢 🟡 ⚫ 🔴 🔵 🟣
3: 🟣 🟣 🟡 🔵 🟡 🟡 🔵 🟢
4: 🟡 🟣 🔵 🟣 🔴 🔴 🟡 🔴
5: 🔴 🔴 🟢 🟡 🔵 🔴 🟡 🟡
6: 🟡 🟢 🟡 🔴 🔵 🟢 🟢 🟣
7: 🔴 🔵 🟢 🟢 🔴 🟡 🟢 🟣

=====================================


🎲 BOARD REFILL - 下午6:47:21
=====================================
🆕 New Tiles Spawned: 6

📍 New Tile Positions:
  🔴 at (0,2)
  🔴 at (0,3)
  🟡 at (0,4)
  🔵 at (0,5)
  🟢 at (1,4)
  🟢 at (2,4)

📋 Before Refill:
   0 1 2 3 4 5 6 7
0: 🟢 🔵 ⚫ ⚫ ⚫ ⚫ 🟡 🔴
1: 🟡 🔵 🟡 🔴 ⚫ 🟢 🟣 🟢
2: 🟢 🟢 🟢 🟡 ⚫ 🔴 🔵 🟣
3: 🟣 🟣 🟡 🔵 🟡 🟡 🔵 🟢
4: 🟡 🟣 🔵 🟣 🔴 🔴 🟡 🔴
5: 🔴 🔴 🟢 🟡 🔵 🔴 🟡 🟡
6: 🟡 🟢 🟡 🔴 🔵 🟢 🟢 🟣
7: 🔴 🔵 🟢 🟢 🔴 🟡 🟢 🟣


📋 After Refill:
   0 1 2 3 4 5 6 7
0: 🟢 🔵 🔴 🔴 🟡 🔵 🟡 🔴
1: 🟡 🔵 🟡 🔴 🟢 🟢 🟣 🟢
2: 🟢 🟢 🟢 🟡 🟢 🔴 🔵 🟣
3: 🟣 🟣 🟡 🔵 🟡 🟡 🔵 🟢
4: 🟡 🟣 🔵 🟣 🔴 🔴 🟡 🔴
5: 🔴 🔴 🟢 🟡 🔵 🔴 🟡 🟡
6: 🟡 🟢 🟡 🔴 🔵 🟢 🟢 🟣
7: 🔴 🔵 🟢 🟢 🔴 🟡 🟢 🟣

=====================================


⬇️  FALLING TILES - 下午6:47:22
=====================================
📊 Total Movements: 6

🎯 Movement Details:
  🟢 (0,0) → (1,0)
  🟡 (1,0) → (2,0)
  🔵 (0,1) → (1,1)
  🔵 (1,1) → (2,1)
  🔴 (0,2) → (1,2)
  🟡 (1,2) → (2,2)

📋 Before Gravity:
   0 1 2 3 4 5 6 7
0: 🟢 🔵 🔴 🔴 🟡 🔵 🟡 🔴
1: 🟡 🔵 🟡 🔴 🟢 🟢 🟣 🟢
2: ⚫ ⚫ ⚫ 🟡 🟢 🔴 🔵 🟣
3: 🟣 🟣 🟡 🔵 🟡 🟡 🔵 🟢
4: 🟡 🟣 🔵 🟣 🔴 🔴 🟡 🔴
5: 🔴 🔴 🟢 🟡 🔵 🔴 🟡 🟡
6: 🟡 🟢 🟡 🔴 🔵 🟢 🟢 🟣
7: 🔴 🔵 🟢 🟢 🔴 🟡 🟢 🟣


📋 After Gravity:
   0 1 2 3 4 5 6 7
0: ⚫ ⚫ ⚫ 🔴 🟡 🔵 🟡 🔴
1: 🟢 🔵 🔴 🔴 🟢 🟢 🟣 🟢
2: 🟡 🔵 🟡 🟡 🟢 🔴 🔵 🟣
3: 🟣 🟣 🟡 🔵 🟡 🟡 🔵 🟢
4: 🟡 🟣 🔵 🟣 🔴 🔴 🟡 🔴
5: 🔴 🔴 🟢 🟡 🔵 🔴 🟡 🟡
6: 🟡 🟢 🟡 🔴 🔵 🟢 🟢 🟣
7: 🔴 🔵 🟢 🟢 🔴 🟡 🟢 🟣

=====================================


🎲 BOARD REFILL - 下午6:47:23
=====================================
🆕 New Tiles Spawned: 3

📍 New Tile Positions:
  🟡 at (0,0)
  🟢 at (0,1)
  🟡 at (0,2)

📋 Before Refill:
   0 1 2 3 4 5 6 7
0: ⚫ ⚫ ⚫ 🔴 🟡 🔵 🟡 🔴
1: 🟢 🔵 🔴 🔴 🟢 🟢 🟣 🟢
2: 🟡 🔵 🟡 🟡 🟢 🔴 🔵 🟣
3: 🟣 🟣 🟡 🔵 🟡 🟡 🔵 🟢
4: 🟡 🟣 🔵 🟣 🔴 🔴 🟡 🔴
5: 🔴 🔴 🟢 🟡 🔵 🔴 🟡 🟡
6: 🟡 🟢 🟡 🔴 🔵 🟢 🟢 🟣
7: 🔴 🔵 🟢 🟢 🔴 🟡 🟢 🟣


📋 After Refill:
   0 1 2 3 4 5 6 7
0: 🟡 🟢 🟡 🔴 🟡 🔵 🟡 🔴
1: 🟢 🔵 🔴 🔴 🟢 🟢 🟣 🟢
2: 🟡 🔵 🟡 🟡 🟢 🔴 🔵 🟣
3: 🟣 🟣 🟡 🔵 🟡 🟡 🔵 🟢
4: 🟡 🟣 🔵 🟣 🔴 🔴 🟡 🔴
5: 🔴 🔴 🟢 🟡 🔵 🔴 🟡 🟡
6: 🟡 🟢 🟡 🔴 🔵 🟢 🟢 🟣
7: 🔴 🔵 🟢 🟢 🔴 🟡 🟢 🟣

=====================================


📝 MOVE 2 - 下午6:47:23
=====================================
🔄 Swap: (6,4)[🔴] ↔ (7,4)[🟣]

📋 Board BEFORE Swap:
   0 1 2 3 4 5 6 7
0: 🟢 🔵 🟡 🔴 🟡 🟢 🟡 🔴
1: 🟡 🔵 🟢 🟡 🔴 🔴 🟣 🟢
2: 🟢 🟢 🟡 🔵 🔵 🟡 🔵 🟣
3: 🟣 🟣 🔵 🟣 🔵 🔴 🔵 🟢
4: 🟡 🟣 🟢 🟡 🟣 🔴 🟡 🔴
5: 🔴 🔴 🟡 🔴 🟣 🟢 🟡 🟡
6: 🟡 🟢 🟣 🟣 🔴 🟣 🟢 🟣
7: 🔴 🔵 🟢 🟢 🟣 🟡 🟢 🟣


🎯 Matches Found: 2 groups
  Group 1: (6,2), (6,3), (6,4), (6,5)
  Group 2: (4,4), (5,4), (6,4)

🌊 Cascade Events: 2 levels
  Level 1: 6 tiles cleared, 22 tiles fell, 6 new tiles, +60 points
  Level 2: 3 tiles cleared, 6 tiles fell, 3 new tiles, +45 points

📋 Board AFTER All Cascades:
   0 1 2 3 4 5 6 7
0: 🟡 🟢 🟡 🔴 🟡 🔵 🟡 🔴
1: 🟢 🔵 🔴 🔴 🟢 🟢 🟣 🟢
2: 🟡 🔵 🟡 🟡 🟢 🔴 🔵 🟣
3: 🟣 🟣 🟡 🔵 🟡 🟡 🔵 🟢
4: 🟡 🟣 🔵 🟣 🔴 🔴 🟡 🔴
5: 🔴 🔴 🟢 🟡 🔵 🔴 🟡 🟡
6: 🟡 🟢 🟡 🔴 🔵 🟢 🟢 🟣
7: 🔴 🔵 🟢 🟢 🔴 🟡 🟢 🟣


💰 Score: +105 (Total: 180)
=====================================


📋 After All Cascades - 下午6:47:23
   0 1 2 3 4 5 6 7
0: 🟡 🟢 🟡 🔴 🟡 🔵 🟡 🔴
1: 🟢 🔵 🔴 🔴 🟢 🟢 🟣 🟢
2: 🟡 🔵 🟡 🟡 🟢 🔴 🔵 🟣
3: 🟣 🟣 🟡 🔵 🟡 🟡 🔵 🟢
4: 🟡 🟣 🔵 🟣 🔴 🔴 🟡 🔴
5: 🔴 🔴 🟢 🟡 🔵 🔴 🟡 🟡
6: 🟡 🟢 🟡 🔴 🔵 🟢 🟢 🟣
7: 🔴 🔵 🟢 🟢 🔴 🟡 🟢 🟣


