🎮 Match-3 Game Session Log
📅 Session ID: 2025-09-13T10-02-17-177Z
🕐 Started: 2025/9/13 下午6:02:17
=====================================


🐛 DEBUG - 下午6:02:17
=====================================
💬 Message: LogManager initialized
📊 Data: {
  "sessionId": "2025-09-13T10-02-17-177Z",
  "timestamp": "2025-09-13T10:02:17.177Z"
}
=====================================


🐛 DEBUG - 下午6:02:17
=====================================
💬 Message: Game scene initialized
📊 Data: {
  "timestamp": "2025-09-13T10:02:17.243Z",
  "boardSize": 8
}
=====================================


📋 Before Swap - 下午6:02:24
   0 1 2 3 4 5 6 7
0: 🔵 🟢 🟡 🔵 🔵 🔴 🟣 🟡
1: 🔴 🔴 🟡 🟡 🟣 🟣 🔴 🟣
2: 🟣 🔵 🔴 🟢 🔴 🟢 🔵 🟡
3: 🟢 🔵 🔴 🔵 🔵 🔴 🔴 🟢
4: 🔴 🟣 🔵 🟢 🟢 🔴 🔴 🟡
5: 🟢 🔴 🟡 🔵 🔴 🟢 🟣 🔵
6: 🟡 🔵 🟡 🟡 🟣 🟢 🟡 🔴
7: 🟣 🟢 🔴 🔴 🔵 🟣 🟣 🟡



⬇️  FALLING TILES - 下午6:02:25
=====================================
📊 Total Movements: 3

🎯 Movement Details:
  🔵 (0,0) → (1,0)
  🟢 (0,1) → (1,1)
  🟡 (0,2) → (1,2)

📋 Before Gravity:
   0 1 2 3 4 5 6 7
0: 🔵 🟢 🟡 🔵 🔵 🔴 🟣 🟡
1: ⚫ ⚫ ⚫ 🟡 🟣 🟣 🔴 🟣
2: 🟣 🔵 🟡 🟢 🔴 🟢 🔵 🟡
3: 🟢 🔵 🔴 🔵 🔵 🔴 🔴 🟢
4: 🔴 🟣 🔵 🟢 🟢 🔴 🔴 🟡
5: 🟢 🔴 🟡 🔵 🔴 🟢 🟣 🔵
6: 🟡 🔵 🟡 🟡 🟣 🟢 🟡 🔴
7: 🟣 🟢 🔴 🔴 🔵 🟣 🟣 🟡


📋 After Gravity:
   0 1 2 3 4 5 6 7
0: ⚫ ⚫ ⚫ 🔵 🔵 🔴 🟣 🟡
1: 🔵 🟢 🟡 🟡 🟣 🟣 🔴 🟣
2: 🟣 🔵 🟡 🟢 🔴 🟢 🔵 🟡
3: 🟢 🔵 🔴 🔵 🔵 🔴 🔴 🟢
4: 🔴 🟣 🔵 🟢 🟢 🔴 🔴 🟡
5: 🟢 🔴 🟡 🔵 🔴 🟢 🟣 🔵
6: 🟡 🔵 🟡 🟡 🟣 🟢 🟡 🔴
7: 🟣 🟢 🔴 🔴 🔵 🟣 🟣 🟡

=====================================


🎲 BOARD REFILL - 下午6:02:25
=====================================
🆕 New Tiles Spawned: 3

📍 New Tile Positions:
  🟣 at (0,0)
  🔴 at (0,1)
  🟡 at (0,2)

📋 Before Refill:
   0 1 2 3 4 5 6 7
0: ⚫ ⚫ ⚫ 🔵 🔵 🔴 🟣 🟡
1: 🔵 🟢 🟡 🟡 🟣 🟣 🔴 🟣
2: 🟣 🔵 🟡 🟢 🔴 🟢 🔵 🟡
3: 🟢 🔵 🔴 🔵 🔵 🔴 🔴 🟢
4: 🔴 🟣 🔵 🟢 🟢 🔴 🔴 🟡
5: 🟢 🔴 🟡 🔵 🔴 🟢 🟣 🔵
6: 🟡 🔵 🟡 🟡 🟣 🟢 🟡 🔴
7: 🟣 🟢 🔴 🔴 🔵 🟣 🟣 🟡


📋 After Refill:
   0 1 2 3 4 5 6 7
0: 🟣 🔴 🟡 🔵 🔵 🔴 🟣 🟡
1: 🔵 🟢 🟡 🟡 🟣 🟣 🔴 🟣
2: 🟣 🔵 🟡 🟢 🔴 🟢 🔵 🟡
3: 🟢 🔵 🔴 🔵 🔵 🔴 🔴 🟢
4: 🔴 🟣 🔵 🟢 🟢 🔴 🔴 🟡
5: 🟢 🔴 🟡 🔵 🔴 🟢 🟣 🔵
6: 🟡 🔵 🟡 🟡 🟣 🟢 🟡 🔴
7: 🟣 🟢 🔴 🔴 🔵 🟣 🟣 🟡

=====================================


⬇️  FALLING TILES - 下午6:02:26
=====================================
📊 Total Movements: 0

🎯 Movement Details:


📋 Before Gravity:
   0 1 2 3 4 5 6 7
0: 🟣 🔴 ⚫ 🔵 🔵 🔴 🟣 🟡
1: 🔵 🟢 ⚫ 🟡 🟣 🟣 🔴 🟣
2: 🟣 🔵 ⚫ 🟢 🔴 🟢 🔵 🟡
3: 🟢 🔵 🔴 🔵 🔵 🔴 🔴 🟢
4: 🔴 🟣 🔵 🟢 🟢 🔴 🔴 🟡
5: 🟢 🔴 🟡 🔵 🔴 🟢 🟣 🔵
6: 🟡 🔵 🟡 🟡 🟣 🟢 🟡 🔴
7: 🟣 🟢 🔴 🔴 🔵 🟣 🟣 🟡


📋 After Gravity:
   0 1 2 3 4 5 6 7
0: 🟣 🔴 ⚫ 🔵 🔵 🔴 🟣 🟡
1: 🔵 🟢 ⚫ 🟡 🟣 🟣 🔴 🟣
2: 🟣 🔵 ⚫ 🟢 🔴 🟢 🔵 🟡
3: 🟢 🔵 🔴 🔵 🔵 🔴 🔴 🟢
4: 🔴 🟣 🔵 🟢 🟢 🔴 🔴 🟡
5: 🟢 🔴 🟡 🔵 🔴 🟢 🟣 🔵
6: 🟡 🔵 🟡 🟡 🟣 🟢 🟡 🔴
7: 🟣 🟢 🔴 🔴 🔵 🟣 🟣 🟡

=====================================


🎲 BOARD REFILL - 下午6:02:26
=====================================
🆕 New Tiles Spawned: 3

📍 New Tile Positions:
  🔴 at (0,2)
  🟣 at (1,2)
  🟣 at (2,2)

📋 Before Refill:
   0 1 2 3 4 5 6 7
0: 🟣 🔴 ⚫ 🔵 🔵 🔴 🟣 🟡
1: 🔵 🟢 ⚫ 🟡 🟣 🟣 🔴 🟣
2: 🟣 🔵 ⚫ 🟢 🔴 🟢 🔵 🟡
3: 🟢 🔵 🔴 🔵 🔵 🔴 🔴 🟢
4: 🔴 🟣 🔵 🟢 🟢 🔴 🔴 🟡
5: 🟢 🔴 🟡 🔵 🔴 🟢 🟣 🔵
6: 🟡 🔵 🟡 🟡 🟣 🟢 🟡 🔴
7: 🟣 🟢 🔴 🔴 🔵 🟣 🟣 🟡


📋 After Refill:
   0 1 2 3 4 5 6 7
0: 🟣 🔴 🔴 🔵 🔵 🔴 🟣 🟡
1: 🔵 🟢 🟣 🟡 🟣 🟣 🔴 🟣
2: 🟣 🔵 🟣 🟢 🔴 🟢 🔵 🟡
3: 🟢 🔵 🔴 🔵 🔵 🔴 🔴 🟢
4: 🔴 🟣 🔵 🟢 🟢 🔴 🔴 🟡
5: 🟢 🔴 🟡 🔵 🔴 🟢 🟣 🔵
6: 🟡 🔵 🟡 🟡 🟣 🟢 🟡 🔴
7: 🟣 🟢 🔴 🔴 🔵 🟣 🟣 🟡

=====================================


📝 MOVE 1 - 下午6:02:27
=====================================
🔄 Swap: (1,2)[🟡] ↔ (2,2)[🔴]

📋 Board BEFORE Swap:
   0 1 2 3 4 5 6 7
0: 🔵 🟢 🟡 🔵 🔵 🔴 🟣 🟡
1: 🔴 🔴 🟡 🟡 🟣 🟣 🔴 🟣
2: 🟣 🔵 🔴 🟢 🔴 🟢 🔵 🟡
3: 🟢 🔵 🔴 🔵 🔵 🔴 🔴 🟢
4: 🔴 🟣 🔵 🟢 🟢 🔴 🔴 🟡
5: 🟢 🔴 🟡 🔵 🔴 🟢 🟣 🔵
6: 🟡 🔵 🟡 🟡 🟣 🟢 🟡 🔴
7: 🟣 🟢 🔴 🔴 🔵 🟣 🟣 🟡


🎯 Matches Found: 1 groups
  Group 1: (1,0), (1,1), (1,2)

🌊 Cascade Events: 2 levels
  Level 1: 3 tiles cleared, 3 tiles fell, 3 new tiles, +30 points
  Level 2: 3 tiles cleared, 0 tiles fell, 3 new tiles, +45 points

📋 Board AFTER All Cascades:
   0 1 2 3 4 5 6 7
0: 🟣 🔴 🔴 🔵 🔵 🔴 🟣 🟡
1: 🔵 🟢 🟣 🟡 🟣 🟣 🔴 🟣
2: 🟣 🔵 🟣 🟢 🔴 🟢 🔵 🟡
3: 🟢 🔵 🔴 🔵 🔵 🔴 🔴 🟢
4: 🔴 🟣 🔵 🟢 🟢 🔴 🔴 🟡
5: 🟢 🔴 🟡 🔵 🔴 🟢 🟣 🔵
6: 🟡 🔵 🟡 🟡 🟣 🟢 🟡 🔴
7: 🟣 🟢 🔴 🔴 🔵 🟣 🟣 🟡


💰 Score: +75 (Total: 75)
=====================================


📋 After All Cascades - 下午6:02:27
   0 1 2 3 4 5 6 7
0: 🟣 🔴 🔴 🔵 🔵 🔴 🟣 🟡
1: 🔵 🟢 🟣 🟡 🟣 🟣 🔴 🟣
2: 🟣 🔵 🟣 🟢 🔴 🟢 🔵 🟡
3: 🟢 🔵 🔴 🔵 🔵 🔴 🔴 🟢
4: 🔴 🟣 🔵 🟢 🟢 🔴 🔴 🟡
5: 🟢 🔴 🟡 🔵 🔴 🟢 🟣 🔵
6: 🟡 🔵 🟡 🟡 🟣 🟢 🟡 🔴
7: 🟣 🟢 🔴 🔴 🔵 🟣 🟣 🟡



📋 Before Swap - 下午6:02:29
   0 1 2 3 4 5 6 7
0: 🟣 🔴 🔴 🔵 🔵 🔴 🟣 🟡
1: 🔵 🟢 🟣 🟡 🟣 🟣 🔴 🟣
2: 🟣 🔵 🟣 🟢 🔴 🟢 🔵 🟡
3: 🟢 🔵 🔴 🔵 🔵 🔴 🔴 🟢
4: 🔴 🟣 🔵 🟢 🟢 🔴 🔴 🟡
5: 🟢 🔴 🟡 🔵 🔴 🟢 🟣 🔵
6: 🟡 🔵 🟡 🟡 🟣 🟢 🟡 🔴
7: 🟣 🟢 🔴 🔴 🔵 🟣 🟣 🟡



⬇️  FALLING TILES - 下午6:02:29
=====================================
📊 Total Movements: 9

🎯 Movement Details:
  🔵 (0,4) → (1,4)
  🟣 (1,4) → (2,4)
  🔵 (2,4) → (3,4)
  🔴 (0,5) → (1,5)
  🟣 (1,5) → (2,5)
  🟢 (2,5) → (3,5)
  🟣 (0,6) → (1,6)
  🔴 (1,6) → (2,6)
  🔵 (2,6) → (3,6)

📋 Before Gravity:
   0 1 2 3 4 5 6 7
0: 🟣 🔴 🔴 🔵 🔵 🔴 🟣 🟡
1: 🔵 🟢 🟣 🟡 🟣 🟣 🔴 🟣
2: 🟣 🔵 🟣 🟢 🔵 🟢 🔵 🟡
3: 🟢 🔵 🔴 🔵 ⚫ ⚫ ⚫ 🟢
4: 🔴 🟣 🔵 🟢 🟢 🔴 🔴 🟡
5: 🟢 🔴 🟡 🔵 🔴 🟢 🟣 🔵
6: 🟡 🔵 🟡 🟡 🟣 🟢 🟡 🔴
7: 🟣 🟢 🔴 🔴 🔵 🟣 🟣 🟡


📋 After Gravity:
   0 1 2 3 4 5 6 7
0: 🟣 🔴 🔴 🔵 ⚫ ⚫ ⚫ 🟡
1: 🔵 🟢 🟣 🟡 🔵 🔴 🟣 🟣
2: 🟣 🔵 🟣 🟢 🟣 🟣 🔴 🟡
3: 🟢 🔵 🔴 🔵 🔵 🟢 🔵 🟢
4: 🔴 🟣 🔵 🟢 🟢 🔴 🔴 🟡
5: 🟢 🔴 🟡 🔵 🔴 🟢 🟣 🔵
6: 🟡 🔵 🟡 🟡 🟣 🟢 🟡 🔴
7: 🟣 🟢 🔴 🔴 🔵 🟣 🟣 🟡

=====================================


🎲 BOARD REFILL - 下午6:02:29
=====================================
🆕 New Tiles Spawned: 3

📍 New Tile Positions:
  🔴 at (0,4)
  🟣 at (0,5)
  🟣 at (0,6)

📋 Before Refill:
   0 1 2 3 4 5 6 7
0: 🟣 🔴 🔴 🔵 ⚫ ⚫ ⚫ 🟡
1: 🔵 🟢 🟣 🟡 🔵 🔴 🟣 🟣
2: 🟣 🔵 🟣 🟢 🟣 🟣 🔴 🟡
3: 🟢 🔵 🔴 🔵 🔵 🟢 🔵 🟢
4: 🔴 🟣 🔵 🟢 🟢 🔴 🔴 🟡
5: 🟢 🔴 🟡 🔵 🔴 🟢 🟣 🔵
6: 🟡 🔵 🟡 🟡 🟣 🟢 🟡 🔴
7: 🟣 🟢 🔴 🔴 🔵 🟣 🟣 🟡


📋 After Refill:
   0 1 2 3 4 5 6 7
0: 🟣 🔴 🔴 🔵 🔴 🟣 🟣 🟡
1: 🔵 🟢 🟣 🟡 🔵 🔴 🟣 🟣
2: 🟣 🔵 🟣 🟢 🟣 🟣 🔴 🟡
3: 🟢 🔵 🔴 🔵 🔵 🟢 🔵 🟢
4: 🔴 🟣 🔵 🟢 🟢 🔴 🔴 🟡
5: 🟢 🔴 🟡 🔵 🔴 🟢 🟣 🔵
6: 🟡 🔵 🟡 🟡 🟣 🟢 🟡 🔴
7: 🟣 🟢 🔴 🔴 🔵 🟣 🟣 🟡

=====================================


📝 MOVE 2 - 下午6:02:30
=====================================
🔄 Swap: (2,4)[🔴] ↔ (3,4)[🔵]

📋 Board BEFORE Swap:
   0 1 2 3 4 5 6 7
0: 🟣 🔴 🔴 🔵 🔵 🔴 🟣 🟡
1: 🔵 🟢 🟣 🟡 🟣 🟣 🔴 🟣
2: 🟣 🔵 🟣 🟢 🔴 🟢 🔵 🟡
3: 🟢 🔵 🔴 🔵 🔵 🔴 🔴 🟢
4: 🔴 🟣 🔵 🟢 🟢 🔴 🔴 🟡
5: 🟢 🔴 🟡 🔵 🔴 🟢 🟣 🔵
6: 🟡 🔵 🟡 🟡 🟣 🟢 🟡 🔴
7: 🟣 🟢 🔴 🔴 🔵 🟣 🟣 🟡


🎯 Matches Found: 1 groups
  Group 1: (3,4), (3,5), (3,6)

🌊 Cascade Events: 1 levels
  Level 1: 3 tiles cleared, 9 tiles fell, 3 new tiles, +30 points

📋 Board AFTER All Cascades:
   0 1 2 3 4 5 6 7
0: 🟣 🔴 🔴 🔵 🔴 🟣 🟣 🟡
1: 🔵 🟢 🟣 🟡 🔵 🔴 🟣 🟣
2: 🟣 🔵 🟣 🟢 🟣 🟣 🔴 🟡
3: 🟢 🔵 🔴 🔵 🔵 🟢 🔵 🟢
4: 🔴 🟣 🔵 🟢 🟢 🔴 🔴 🟡
5: 🟢 🔴 🟡 🔵 🔴 🟢 🟣 🔵
6: 🟡 🔵 🟡 🟡 🟣 🟢 🟡 🔴
7: 🟣 🟢 🔴 🔴 🔵 🟣 🟣 🟡


💰 Score: +30 (Total: 105)
=====================================


📋 After All Cascades - 下午6:02:30
   0 1 2 3 4 5 6 7
0: 🟣 🔴 🔴 🔵 🔴 🟣 🟣 🟡
1: 🔵 🟢 🟣 🟡 🔵 🔴 🟣 🟣
2: 🟣 🔵 🟣 🟢 🟣 🟣 🔴 🟡
3: 🟢 🔵 🔴 🔵 🔵 🟢 🔵 🟢
4: 🔴 🟣 🔵 🟢 🟢 🔴 🔴 🟡
5: 🟢 🔴 🟡 🔵 🔴 🟢 🟣 🔵
6: 🟡 🔵 🟡 🟡 🟣 🟢 🟡 🔴
7: 🟣 🟢 🔴 🔴 🔵 🟣 🟣 🟡


